[[32minfo[39m] cart: 1/6/2023, 8:53:29 PM  Sucessfully fetched carts for user : 0e2be537-529f-48f4-88c2-62a6c113507f
[[32minfo[39m] cart: 1/6/2023, 8:53:30 PM  Sucessfully fetched carts for user : 0e2be537-529f-48f4-88c2-62a6c113507f
[[32minfo[39m] cart: 1/6/2023, 8:53:35 PM  Product added to cart sucessfully on ID: 0e2be537-529f-48f4-88c2-62a6c113507f
[[32minfo[39m] cart: 1/6/2023, 8:53:35 PM  Sucessfully fetched carts for user : 0e2be537-529f-48f4-88c2-62a6c113507f
[[32minfo[39m] cart: 1/6/2023, 8:53:43 PM  Sucessfully fetched carts for user : 0e2be537-529f-48f4-88c2-62a6c113507f
[[32minfo[39m] cart: 1/6/2023, 8:53:43 PM  Sucessfully fetched carts for user : 0e2be537-529f-48f4-88c2-62a6c113507f
[[32minfo[39m] cart: 1/6/2023, 8:53:46 PM  Sucessfully fetched carts for user : 0e2be537-529f-48f4-88c2-62a6c113507f
[[32minfo[39m] cart: 1/6/2023, 8:53:59 PM  Sucessfully fetched carts for user : 0e2be537-529f-48f4-88c2-62a6c113507f
[[32minfo[39m] cart: 1/6/2023, 8:53:59 PM  Sucessfully fetched carts for user : 0e2be537-529f-48f4-88c2-62a6c113507f
[[32minfo[39m] cart: 1/6/2023, 8:54:09 PM  Product added to cart sucessfully on ID: 0e2be537-529f-48f4-88c2-62a6c113507f
[[32minfo[39m] cart: 1/6/2023, 8:54:09 PM  Sucessfully fetched carts for user : 0e2be537-529f-48f4-88c2-62a6c113507f
[[32minfo[39m] cart: 1/6/2023, 8:54:13 PM  Sucessfully fetched carts for user : 0e2be537-529f-48f4-88c2-62a6c113507f
[[32minfo[39m] cart: 1/6/2023, 8:56:09 PM  Sucessfully fetched carts for user : 0e2be537-529f-48f4-88c2-62a6c113507f
[[32minfo[39m] cart: 1/6/2023, 8:56:12 PM  Sucessfully fetched carts for user : 0e2be537-529f-48f4-88c2-62a6c113507f
[[32minfo[39m] cart: 1/6/2023, 8:56:33 PM  Sucessfully fetched carts for user : 0e2be537-529f-48f4-88c2-62a6c113507f
[[32minfo[39m] cart: 1/6/2023, 8:56:34 PM  Sucessfully fetched carts for user : 0e2be537-529f-48f4-88c2-62a6c113507f
[[32minfo[39m] cart: 1/7/2023, 4:00:27 PM  Sucessfully fetched carts for user : 0e2be537-529f-48f4-88c2-62a6c113507f
[[32minfo[39m] cart: 1/7/2023, 4:00:28 PM  Sucessfully fetched carts for user : 0e2be537-529f-48f4-88c2-62a6c113507f
[[32minfo[39m] cart: 1/7/2023, 4:01:12 PM  Sucessfully fetched all carts 
[[32minfo[39m] cart: 1/7/2023, 4:20:30 PM  Sucessfully fetched all carts 
[[32minfo[39m] cart: 1/7/2023, 4:21:17 PM  Sucessfully fetched all carts 
[[32minfo[39m] cart: 1/7/2023, 4:24:41 PM  Sucessfully fetched all carts 
[[32minfo[39m] cart: 1/7/2023, 4:26:07 PM  Sucessfully fetched all carts 
[[32minfo[39m] cart: 1/7/2023, 4:27:09 PM  Sucessfully fetched all carts 
[[32minfo[39m] cart: 1/7/2023, 4:32:02 PM  Sucessfully fetched all carts 
[[32minfo[39m] cart: 1/7/2023, 4:34:09 PM  Sucessfully fetched all carts 
[[32minfo[39m] cart: 1/7/2023, 4:36:43 PM  Sucessfully fetched all carts 
[[32minfo[39m] cart: 1/7/2023, 4:36:44 PM  Sucessfully fetched all carts 
[[32minfo[39m] cart: 1/7/2023, 4:41:49 PM  Sucessfully fetched all carts 
[[32minfo[39m] cart: 1/7/2023, 4:59:39 PM  Sucessfully fetched all carts 
[[32minfo[39m] cart: 1/7/2023, 5:00:47 PM  Sucessfully fetched all carts 
[[32minfo[39m] cart: 1/7/2023, 5:01:32 PM  Sucessfully fetched all carts 
[[32minfo[39m] cart: 1/7/2023, 5:02:10 PM  Sucessfully fetched all carts 
[[32minfo[39m] cart: 1/7/2023, 5:03:20 PM  Sucessfully fetched all carts 
[[32minfo[39m] cart: 1/7/2023, 5:04:27 PM  Sucessfully fetched all carts 
[[32minfo[39m] cart: 1/7/2023, 5:04:59 PM  Sucessfully fetched all carts 
[[32minfo[39m] cart: 1/7/2023, 5:15:05 PM  Sucessfully fetched all carts 
[[32minfo[39m] cart: 1/7/2023, 5:23:22 PM  Sucessfully fetched all carts 
[[32minfo[39m] cart: 1/7/2023, 5:24:10 PM  Sucessfully fetched all carts 
[[32minfo[39m] cart: 1/7/2023, 5:24:47 PM  Sucessfully fetched all carts 
[[32minfo[39m] cart: 1/7/2023, 5:25:36 PM  Sucessfully fetched all carts 
[[32minfo[39m] cart: 1/7/2023, 5:26:18 PM  Sucessfully fetched all carts 
[[32minfo[39m] cart: 1/7/2023, 5:27:02 PM  Sucessfully fetched all carts 
[[32minfo[39m] cart: 1/7/2023, 5:27:24 PM  Sucessfully fetched all carts 
[[32minfo[39m] cart: 1/7/2023, 5:27:51 PM  Sucessfully fetched all carts 
[[32minfo[39m] cart: 1/7/2023, 5:28:33 PM  Sucessfully fetched all carts 
[[32minfo[39m] cart: 1/7/2023, 5:28:51 PM  Sucessfully fetched all carts 
[[32minfo[39m] cart: 1/7/2023, 5:35:56 PM  Sucessfully fetched all carts 
[[32minfo[39m] cart: 1/7/2023, 5:37:56 PM  Sucessfully fetched all carts 
[[32minfo[39m] cart: 1/7/2023, 5:40:29 PM  Sucessfully fetched all carts 
[[32minfo[39m] cart: 1/7/2023, 5:40:54 PM  Sucessfully fetched all carts 
[[32minfo[39m] cart: 1/7/2023, 5:41:15 PM  Sucessfully fetched all carts 
[[32minfo[39m] cart: 1/7/2023, 5:42:06 PM  Sucessfully fetched all carts 
[[32minfo[39m] cart: 1/7/2023, 5:44:22 PM  Sucessfully fetched all carts 
[[32minfo[39m] cart: 1/7/2023, 5:47:34 PM  Sucessfully fetched all carts 
[[32minfo[39m] cart: 1/7/2023, 5:49:04 PM  Sucessfully fetched all carts 
[[32minfo[39m] cart: 1/7/2023, 5:57:15 PM  Sucessfully fetched all carts 
[[32minfo[39m] cart: 1/7/2023, 5:57:26 PM  Sucessfully fetched all carts 
[[32minfo[39m] cart: 1/7/2023, 5:58:36 PM  Sucessfully fetched all carts 
[[32minfo[39m] cart: 1/7/2023, 6:11:03 PM  Sucessfully fetched all carts 
[[32minfo[39m] cart: 1/7/2023, 6:11:03 PM  Sucessfully fetched all carts 
[[32minfo[39m] cart: 1/7/2023, 6:11:10 PM  Sucessfully fetched all carts 
[[32minfo[39m] cart: 1/7/2023, 6:11:13 PM  Sucessfully fetched all carts 
[[32minfo[39m] cart: 1/7/2023, 6:11:44 PM  Sucessfully fetched all carts 
[[32minfo[39m] cart: 1/7/2023, 6:11:44 PM  Sucessfully fetched all carts 
[[32minfo[39m] cart: 1/7/2023, 6:11:54 PM  Sucessfully fetched all carts 
[[32minfo[39m] cart: 1/7/2023, 6:12:24 PM  Sucessfully fetched all carts 
[[32minfo[39m] cart: 1/7/2023, 6:16:23 PM  Sucessfully fetched all carts 
[[32minfo[39m] cart: 1/7/2023, 6:17:29 PM  Sucessfully fetched all carts 
[[32minfo[39m] cart: 1/7/2023, 6:18:04 PM  Sucessfully fetched all carts 
[[32minfo[39m] cart: 1/7/2023, 6:41:32 PM  Sucessfully fetched carts for user : 0e2be537-529f-48f4-88c2-62a6c113507f
[[32minfo[39m] cart: 1/7/2023, 7:12:59 PM  Sucessfully fetched carts for user : 0e2be537-529f-48f4-88c2-62a6c113507f
[[32minfo[39m] cart: 1/7/2023, 7:13:00 PM  Sucessfully fetched carts for user : 0e2be537-529f-48f4-88c2-62a6c113507f
[[32minfo[39m] cart: 1/7/2023, 7:13:06 PM  Product added to cart sucessfully on ID: 0e2be537-529f-48f4-88c2-62a6c113507f
[[32minfo[39m] cart: 1/7/2023, 7:13:06 PM  Sucessfully fetched carts for user : 0e2be537-529f-48f4-88c2-62a6c113507f
[[32minfo[39m] cart: 1/7/2023, 7:13:10 PM  Sucessfully fetched carts for user : 0e2be537-529f-48f4-88c2-62a6c113507f
[[32minfo[39m] cart: 1/7/2023, 7:13:10 PM  Sucessfully fetched carts for user : 0e2be537-529f-48f4-88c2-62a6c113507f
[[32minfo[39m] cart: 1/7/2023, 7:13:10 PM  Sucessfully fetched carts for user : 0e2be537-529f-48f4-88c2-62a6c113507f
[[32minfo[39m] cart: 1/7/2023, 7:13:13 PM  Product added to cart sucessfully on ID: 0e2be537-529f-48f4-88c2-62a6c113507f
[[32minfo[39m] cart: 1/7/2023, 7:13:13 PM  Sucessfully fetched carts for user : 0e2be537-529f-48f4-88c2-62a6c113507f
[[32minfo[39m] cart: 1/7/2023, 7:16:50 PM  Sucessfully fetched carts for user : 0e2be537-529f-48f4-88c2-62a6c113507f
[[32minfo[39m] cart: 1/7/2023, 7:16:53 PM  Sucessfully fetched carts for user : 0e2be537-529f-48f4-88c2-62a6c113507f
[[32minfo[39m] cart: 1/7/2023, 7:16:58 PM  Sucessfully fetched carts for user : 0e2be537-529f-48f4-88c2-62a6c113507f
[[32minfo[39m] cart: 1/7/2023, 7:17:03 PM  Sucessfully fetched carts for user : 0e2be537-529f-48f4-88c2-62a6c113507f
[[32minfo[39m] cart: 1/7/2023, 7:18:38 PM  Sucessfully fetched carts for user : 0e2be537-529f-48f4-88c2-62a6c113507f
[[32minfo[39m] cart: 1/7/2023, 7:20:32 PM  Sucessfully fetched carts for user : 0e2be537-529f-48f4-88c2-62a6c113507f
[[32minfo[39m] cart: 1/7/2023, 7:21:30 PM  Sucessfully fetched carts for user : 0e2be537-529f-48f4-88c2-62a6c113507f
[[32minfo[39m] cart: 1/7/2023, 7:21:51 PM  Sucessfully fetched carts for user : 0e2be537-529f-48f4-88c2-62a6c113507f
[[32minfo[39m] cart: 1/7/2023, 7:23:14 PM  Sucessfully fetched carts for user : 0e2be537-529f-48f4-88c2-62a6c113507f
[[32minfo[39m] cart: 1/7/2023, 7:23:58 PM  Sucessfully fetched carts for user : 0e2be537-529f-48f4-88c2-62a6c113507f
[[32minfo[39m] cart: 1/7/2023, 7:25:00 PM  Sucessfully fetched carts for user : 0e2be537-529f-48f4-88c2-62a6c113507f
[[31merror[39m] cart: 1/7/2023, 8:07:49 PM  Error: No user Found for ID: 
    at Object.get_user_cart (/media/bhuban/72E2928AE29251E9/prithak_creation/Projects/learning/E-commerce-App/eCommerceApp/Server/src/service/cartService.js:41:26)
    at runMicrotasks (<anonymous>)
    at processTicksAndRejections (node:internal/process/task_queues:96:5)
    at async get_user_cart (/media/bhuban/72E2928AE29251E9/prithak_creation/Projects/learning/E-commerce-App/eCommerceApp/Server/src/api/cartApi.js:34:17)
[[32minfo[39m] cart: 1/7/2023, 8:14:48 PM  Sucessfully fetched all carts 
[[32minfo[39m] cart: 1/7/2023, 8:15:29 PM  Sucessfully fetched carts for user : 19c67528-a30c-4bb5-9ea4-1dc7bd65e31c
[[32minfo[39m] cart: 1/7/2023, 8:15:29 PM  Sucessfully fetched carts for user : 19c67528-a30c-4bb5-9ea4-1dc7bd65e31c
[[32minfo[39m] cart: 1/7/2023, 8:15:32 PM  Sucessfully fetched carts for user : 19c67528-a30c-4bb5-9ea4-1dc7bd65e31c
[[32minfo[39m] cart: 1/7/2023, 8:15:39 PM  Product quantity updated sucessfully for user: 19c67528-a30c-4bb5-9ea4-1dc7bd65e31c
[[32minfo[39m] cart: 1/7/2023, 8:15:39 PM  Sucessfully fetched carts for user : 19c67528-a30c-4bb5-9ea4-1dc7bd65e31c
[[32minfo[39m] cart: 1/7/2023, 8:15:39 PM  Sucessfully fetched carts for user : 19c67528-a30c-4bb5-9ea4-1dc7bd65e31c
[[32minfo[39m] cart: 1/7/2023, 8:15:50 PM  Product quantity updated sucessfully for user: 19c67528-a30c-4bb5-9ea4-1dc7bd65e31c
[[32minfo[39m] cart: 1/7/2023, 8:15:50 PM  Sucessfully fetched carts for user : 19c67528-a30c-4bb5-9ea4-1dc7bd65e31c
[[32minfo[39m] cart: 1/7/2023, 8:15:50 PM  Sucessfully fetched carts for user : 19c67528-a30c-4bb5-9ea4-1dc7bd65e31c
[[31merror[39m] cart: 1/7/2023, 8:17:09 PM  Error: No user Found for ID: 
    at Object.get_user_cart (/media/bhuban/72E2928AE29251E9/prithak_creation/Projects/learning/E-commerce-App/eCommerceApp/Server/src/service/cartService.js:41:26)
    at runMicrotasks (<anonymous>)
    at processTicksAndRejections (node:internal/process/task_queues:96:5)
    at async get_user_cart (/media/bhuban/72E2928AE29251E9/prithak_creation/Projects/learning/E-commerce-App/eCommerceApp/Server/src/api/cartApi.js:34:17)
[[31merror[39m] cart: 1/7/2023, 9:51:44 PM  Error: Error occurs Try adding Product in cart.
    at Object.get_user_cart (/media/bhuban/72E2928AE29251E9/prithak_creation/Projects/learning/E-commerce-App/eCommerceApp/Server/src/service/cartService.js:44:11)
    at runMicrotasks (<anonymous>)
    at processTicksAndRejections (node:internal/process/task_queues:96:5)
    at async get_user_cart (/media/bhuban/72E2928AE29251E9/prithak_creation/Projects/learning/E-commerce-App/eCommerceApp/Server/src/api/cartApi.js:34:17)
[[31merror[39m] cart: 1/7/2023, 9:51:44 PM  Error: Error occurs Try adding Product in cart.
    at Object.get_user_cart (/media/bhuban/72E2928AE29251E9/prithak_creation/Projects/learning/E-commerce-App/eCommerceApp/Server/src/service/cartService.js:44:11)
    at runMicrotasks (<anonymous>)
    at processTicksAndRejections (node:internal/process/task_queues:96:5)
    at async get_user_cart (/media/bhuban/72E2928AE29251E9/prithak_creation/Projects/learning/E-commerce-App/eCommerceApp/Server/src/api/cartApi.js:34:17)
[[31merror[39m] cart: 1/7/2023, 9:51:51 PM  Error: Error occurs Try adding Product in cart.
    at Object.get_user_cart (/media/bhuban/72E2928AE29251E9/prithak_creation/Projects/learning/E-commerce-App/eCommerceApp/Server/src/service/cartService.js:44:11)
    at runMicrotasks (<anonymous>)
    at processTicksAndRejections (node:internal/process/task_queues:96:5)
    at async get_user_cart (/media/bhuban/72E2928AE29251E9/prithak_creation/Projects/learning/E-commerce-App/eCommerceApp/Server/src/api/cartApi.js:34:17)
[[31merror[39m] cart: 1/7/2023, 9:51:51 PM  Error: Error occurs Try adding Product in cart.
    at Object.get_user_cart (/media/bhuban/72E2928AE29251E9/prithak_creation/Projects/learning/E-commerce-App/eCommerceApp/Server/src/service/cartService.js:44:11)
    at runMicrotasks (<anonymous>)
    at processTicksAndRejections (node:internal/process/task_queues:96:5)
    at async get_user_cart (/media/bhuban/72E2928AE29251E9/prithak_creation/Projects/learning/E-commerce-App/eCommerceApp/Server/src/api/cartApi.js:34:17)
[[31merror[39m] cart: 1/7/2023, 9:54:58 PM  Error: Error occurs Try adding Product in cart.
    at Object.get_user_cart (/media/bhuban/72E2928AE29251E9/prithak_creation/Projects/learning/E-commerce-App/eCommerceApp/Server/src/service/cartService.js:44:11)
    at runMicrotasks (<anonymous>)
    at processTicksAndRejections (node:internal/process/task_queues:96:5)
    at async get_user_cart (/media/bhuban/72E2928AE29251E9/prithak_creation/Projects/learning/E-commerce-App/eCommerceApp/Server/src/api/cartApi.js:34:17)
[[31merror[39m] cart: 1/7/2023, 9:54:58 PM  Error: Error occurs Try adding Product in cart.
    at Object.get_user_cart (/media/bhuban/72E2928AE29251E9/prithak_creation/Projects/learning/E-commerce-App/eCommerceApp/Server/src/service/cartService.js:44:11)
    at runMicrotasks (<anonymous>)
    at processTicksAndRejections (node:internal/process/task_queues:96:5)
    at async get_user_cart (/media/bhuban/72E2928AE29251E9/prithak_creation/Projects/learning/E-commerce-App/eCommerceApp/Server/src/api/cartApi.js:34:17)
[[31merror[39m] cart: 1/7/2023, 9:55:23 PM  Error: Error occurs Try adding Product in cart.
    at Object.get_user_cart (/media/bhuban/72E2928AE29251E9/prithak_creation/Projects/learning/E-commerce-App/eCommerceApp/Server/src/service/cartService.js:44:11)
    at runMicrotasks (<anonymous>)
    at processTicksAndRejections (node:internal/process/task_queues:96:5)
    at async get_user_cart (/media/bhuban/72E2928AE29251E9/prithak_creation/Projects/learning/E-commerce-App/eCommerceApp/Server/src/api/cartApi.js:34:17)
[[31merror[39m] cart: 1/7/2023, 9:56:09 PM  Error: Error occurs Try adding Product in cart.
    at Object.get_user_cart (/media/bhuban/72E2928AE29251E9/prithak_creation/Projects/learning/E-commerce-App/eCommerceApp/Server/src/service/cartService.js:44:11)
    at runMicrotasks (<anonymous>)
    at processTicksAndRejections (node:internal/process/task_queues:96:5)
    at async get_user_cart (/media/bhuban/72E2928AE29251E9/prithak_creation/Projects/learning/E-commerce-App/eCommerceApp/Server/src/api/cartApi.js:34:17)
[[31merror[39m] cart: 1/7/2023, 9:56:09 PM  Error: Error occurs Try adding Product in cart.
    at Object.get_user_cart (/media/bhuban/72E2928AE29251E9/prithak_creation/Projects/learning/E-commerce-App/eCommerceApp/Server/src/service/cartService.js:44:11)
    at runMicrotasks (<anonymous>)
    at processTicksAndRejections (node:internal/process/task_queues:96:5)
    at async get_user_cart (/media/bhuban/72E2928AE29251E9/prithak_creation/Projects/learning/E-commerce-App/eCommerceApp/Server/src/api/cartApi.js:34:17)
[[31merror[39m] cart: 1/7/2023, 9:56:12 PM  Error: Error occurs Try adding Product in cart.
    at Object.get_user_cart (/media/bhuban/72E2928AE29251E9/prithak_creation/Projects/learning/E-commerce-App/eCommerceApp/Server/src/service/cartService.js:44:11)
    at runMicrotasks (<anonymous>)
    at processTicksAndRejections (node:internal/process/task_queues:96:5)
    at async get_user_cart (/media/bhuban/72E2928AE29251E9/prithak_creation/Projects/learning/E-commerce-App/eCommerceApp/Server/src/api/cartApi.js:34:17)
[[31merror[39m] cart: 1/7/2023, 9:56:13 PM  Error: Error occurs Try adding Product in cart.
    at Object.get_user_cart (/media/bhuban/72E2928AE29251E9/prithak_creation/Projects/learning/E-commerce-App/eCommerceApp/Server/src/service/cartService.js:44:11)
    at runMicrotasks (<anonymous>)
    at processTicksAndRejections (node:internal/process/task_queues:96:5)
    at async get_user_cart (/media/bhuban/72E2928AE29251E9/prithak_creation/Projects/learning/E-commerce-App/eCommerceApp/Server/src/api/cartApi.js:34:17)
[[31merror[39m] cart: 1/7/2023, 9:57:42 PM  Error: Error occurs Try adding Product in cart.
    at Object.get_user_cart (/media/bhuban/72E2928AE29251E9/prithak_creation/Projects/learning/E-commerce-App/eCommerceApp/Server/src/service/cartService.js:44:11)
    at runMicrotasks (<anonymous>)
    at processTicksAndRejections (node:internal/process/task_queues:96:5)
    at async get_user_cart (/media/bhuban/72E2928AE29251E9/prithak_creation/Projects/learning/E-commerce-App/eCommerceApp/Server/src/api/cartApi.js:34:17)
[[31merror[39m] cart: 1/7/2023, 9:57:42 PM  Error: Error occurs Try adding Product in cart.
    at Object.get_user_cart (/media/bhuban/72E2928AE29251E9/prithak_creation/Projects/learning/E-commerce-App/eCommerceApp/Server/src/service/cartService.js:44:11)
    at runMicrotasks (<anonymous>)
    at processTicksAndRejections (node:internal/process/task_queues:96:5)
    at async get_user_cart (/media/bhuban/72E2928AE29251E9/prithak_creation/Projects/learning/E-commerce-App/eCommerceApp/Server/src/api/cartApi.js:34:17)
[[31merror[39m] cart: 1/7/2023, 9:59:31 PM  Error: Error occurs Try adding Product in cart.
    at Object.get_user_cart (/media/bhuban/72E2928AE29251E9/prithak_creation/Projects/learning/E-commerce-App/eCommerceApp/Server/src/service/cartService.js:44:11)
    at processTicksAndRejections (node:internal/process/task_queues:96:5)
    at async get_user_cart (/media/bhuban/72E2928AE29251E9/prithak_creation/Projects/learning/E-commerce-App/eCommerceApp/Server/src/api/cartApi.js:34:17)
