[[31merror[39m] 2022/12/07 19:12:68  Error: This file has error
    at Object.<anonymous> (/media/bhuban/72E2928AE29251E9/prithak_creation/Projects/learning/E-commerce-App/eCommerceApp/Server/src/app.js:6:14)
    at Module._compile (node:internal/modules/cjs/loader:1159:14)
    at Module._extensions..js (node:internal/modules/cjs/loader:1213:10)
    at Module.load (node:internal/modules/cjs/loader:1037:32)
    at Module._load (node:internal/modules/cjs/loader:878:12)
    at Function.executeUserEntryPoint [as runMain] (node:internal/modules/run_main:81:12)
    at node:internal/main/run_main_module:23:47
[[31merror[39m] 2022/12/07 19:12:62  Error: This file has error
    at Object.<anonymous> (/media/bhuban/72E2928AE29251E9/prithak_creation/Projects/learning/E-commerce-App/eCommerceApp/Server/src/app.js:6:14)
    at Module._compile (node:internal/modules/cjs/loader:1159:14)
    at Module._extensions..js (node:internal/modules/cjs/loader:1213:10)
    at Module.load (node:internal/modules/cjs/loader:1037:32)
    at Module._load (node:internal/modules/cjs/loader:878:12)
    at Function.executeUserEntryPoint [as runMain] (node:internal/modules/run_main:81:12)
    at node:internal/main/run_main_module:23:47
[[31merror[39m] 2022/12/07 19:12:16  Error: This file has error
    at Object.<anonymous> (/media/bhuban/72E2928AE29251E9/prithak_creation/Projects/learning/E-commerce-App/eCommerceApp/Server/src/app.js:6:14)
    at Module._compile (node:internal/modules/cjs/loader:1159:14)
    at Module._extensions..js (node:internal/modules/cjs/loader:1213:10)
    at Module.load (node:internal/modules/cjs/loader:1037:32)
    at Module._load (node:internal/modules/cjs/loader:878:12)
    at Function.executeUserEntryPoint [as runMain] (node:internal/modules/run_main:81:12)
    at node:internal/main/run_main_module:23:47
