[[32minfo[39m] mail: 12/24/2022, 10:05:56 PM  Mail sent sucessfully to bhuban.temp@gmail.com
[[32minfo[39m] mail: 12/24/2022, 10:14:51 PM  Mail sent sucessfully to bhuban.temp@gmail.com
[[32minfo[39m] mail: 12/24/2022, 10:15:44 PM  Mail sent sucessfully to bhuban.temp@gmail.com
[[32minfo[39m] mail: 12/24/2022, 10:17:38 PM  Mail sent sucessfully to bhuban.temp@gmail.com
[[32minfo[39m] mail: 12/24/2022, 10:20:28 PM  Mail sent sucessfully to bhuban.temp@gmail.com
[[32minfo[39m] mail: 12/24/2022, 10:25:33 PM  Mail sent sucessfully to bhuban.temp@gmail.com
[[32minfo[39m] mail: 12/24/2022, 10:31:10 PM  Mail sent sucessfully to bhuban.temp@gmail.com
[[32minfo[39m] mail: 12/24/2022, 10:33:19 PM  Mail sent sucessfully to bhuban.temp@gmail.com
[[32minfo[39m] mail: 12/24/2022, 10:36:14 PM  Mail sent sucessfully to bhuban.temp@gmail.com
[[32minfo[39m] mail: 12/24/2022, 10:41:10 PM  Mail sent sucessfully to bhuban.temp@gmail.com
[[32minfo[39m] mail: 12/24/2022, 10:45:03 PM  Mail sent sucessfully to bhuban.temp@gmail.com
[[32minfo[39m] mail: 12/24/2022, 10:45:53 PM  Mail sent sucessfully to bhuban.temp@gmail.com
[[32minfo[39m] mail: 12/24/2022, 10:46:13 PM  Mail sent sucessfully to bhuban.temp@gmail.com
[[32minfo[39m] mail: 12/24/2022, 10:46:39 PM  Mail sent sucessfully to bhuban.temp@gmail.com
[[32minfo[39m] mail: 12/24/2022, 10:47:27 PM  Mail sent sucessfully to bhuban.temp@gmail.com
[[32minfo[39m] mail: 12/24/2022, 10:48:00 PM  Mail sent sucessfully to bhuban.temp@gmail.com
[[32minfo[39m] mail: 12/24/2022, 10:48:45 PM  Mail sent sucessfully to bhuban.temp@gmail.com
[[32minfo[39m] mail: 12/24/2022, 11:02:04 PM  Mail sent sucessfully to bhuban.temp@gmail.com
[[32minfo[39m] mail: 12/24/2022, 11:03:25 PM  Mail sent sucessfully to bhuban.temp@gmail.com
[[32minfo[39m] mail: 12/26/2022, 12:24:39 AM  Mail sent sucessfully to undefined
[[32minfo[39m] mail: 12/26/2022, 12:30:39 AM  Mail sent sucessfully to bhuban.temp@gmail.com
[[32minfo[39m] mail: 1/7/2023, 8:07:49 PM  Mail sent sucessfully to random@gmail.com
[[32minfo[39m] mail: 1/7/2023, 8:17:09 PM  Mail sent sucessfully to bhuban.smaitic@gmail.com
[[32minfo[39m] mail: 1/8/2023, 8:49:05 PM  Mail sent sucessfully to bhuban.smaitic@gmail.com
[[32minfo[39m] mail: 1/8/2023, 8:58:13 PM  Mail sent sucessfully to bhuban.smaitic@gmail.com
[[32minfo[39m] mail: 1/13/2023, 12:19:43 AM  Mail sent sucessfully to abcdfg@gmail.com
[[32minfo[39m] mail: 1/13/2023, 12:27:44 AM  Mail sent sucessfully to abcdfg@gmail.com
