[[32minfo[39m] order: 1/7/2023, 4:01:12 PM  Sucessfully fetched all orders
[[32minfo[39m] order: 1/7/2023, 4:01:12 PM  Sucessfully fetched 5 orders for page 1
[[32minfo[39m] order: 1/7/2023, 4:01:12 PM  Sucessfully fetched 5 orders for page 1
[[32minfo[39m] order: 1/7/2023, 4:20:30 PM  Sucessfully fetched all orders
[[32minfo[39m] order: 1/7/2023, 4:20:30 PM  Sucessfully fetched 5 orders for page 1
[[32minfo[39m] order: 1/7/2023, 4:20:30 PM  Sucessfully fetched 5 orders for page 1
[[32minfo[39m] order: 1/7/2023, 4:21:17 PM  Sucessfully fetched all orders
[[32minfo[39m] order: 1/7/2023, 4:21:17 PM  Sucessfully fetched 5 orders for page 1
[[32minfo[39m] order: 1/7/2023, 4:21:17 PM  Sucessfully fetched 5 orders for page 1
[[32minfo[39m] order: 1/7/2023, 4:24:41 PM  Sucessfully fetched all orders
[[32minfo[39m] order: 1/7/2023, 4:24:41 PM  Sucessfully fetched 5 orders for page 1
[[32minfo[39m] order: 1/7/2023, 4:24:41 PM  Sucessfully fetched 5 orders for page 1
[[32minfo[39m] order: 1/7/2023, 4:26:07 PM  Sucessfully fetched all orders
[[32minfo[39m] order: 1/7/2023, 4:26:07 PM  Sucessfully fetched 5 orders for page 1
[[32minfo[39m] order: 1/7/2023, 4:26:07 PM  Sucessfully fetched 5 orders for page 1
[[32minfo[39m] order: 1/7/2023, 4:27:09 PM  Sucessfully fetched all orders
[[32minfo[39m] order: 1/7/2023, 4:27:09 PM  Sucessfully fetched 5 orders for page 1
[[32minfo[39m] order: 1/7/2023, 4:27:09 PM  Sucessfully fetched 5 orders for page 1
[[32minfo[39m] order: 1/7/2023, 4:32:02 PM  Sucessfully fetched all orders
[[32minfo[39m] order: 1/7/2023, 4:32:02 PM  Sucessfully fetched 5 orders for page 1
[[32minfo[39m] order: 1/7/2023, 4:32:02 PM  Sucessfully fetched 5 orders for page 1
[[32minfo[39m] order: 1/7/2023, 4:34:09 PM  Sucessfully fetched all orders
[[32minfo[39m] order: 1/7/2023, 4:34:09 PM  Sucessfully fetched 5 orders for page 1
[[32minfo[39m] order: 1/7/2023, 4:34:09 PM  Sucessfully fetched 5 orders for page 1
[[32minfo[39m] order: 1/7/2023, 4:36:43 PM  Sucessfully fetched all orders
[[32minfo[39m] order: 1/7/2023, 4:36:43 PM  Sucessfully fetched 5 orders for page 1
[[32minfo[39m] order: 1/7/2023, 4:36:43 PM  Sucessfully fetched 5 orders for page 1
[[32minfo[39m] order: 1/7/2023, 4:36:44 PM  Sucessfully fetched all orders
[[32minfo[39m] order: 1/7/2023, 4:36:44 PM  Sucessfully fetched 5 orders for page 1
[[32minfo[39m] order: 1/7/2023, 4:36:44 PM  Sucessfully fetched 5 orders for page 1
[[32minfo[39m] order: 1/7/2023, 4:41:49 PM  Sucessfully fetched all orders
[[32minfo[39m] order: 1/7/2023, 4:41:49 PM  Sucessfully fetched 5 orders for page 1
[[32minfo[39m] order: 1/7/2023, 4:41:49 PM  Sucessfully fetched 5 orders for page 1
[[32minfo[39m] order: 1/7/2023, 4:59:39 PM  Sucessfully fetched all orders
[[32minfo[39m] order: 1/7/2023, 4:59:39 PM  Sucessfully fetched 5 orders for page 1
[[32minfo[39m] order: 1/7/2023, 4:59:39 PM  Sucessfully fetched 5 orders for page 1
[[32minfo[39m] order: 1/7/2023, 5:00:47 PM  Sucessfully fetched all orders
[[32minfo[39m] order: 1/7/2023, 5:00:47 PM  Sucessfully fetched 5 orders for page 1
[[32minfo[39m] order: 1/7/2023, 5:00:47 PM  Sucessfully fetched 5 orders for page 1
[[32minfo[39m] order: 1/7/2023, 5:01:32 PM  Sucessfully fetched all orders
[[32minfo[39m] order: 1/7/2023, 5:01:32 PM  Sucessfully fetched 5 orders for page 1
[[32minfo[39m] order: 1/7/2023, 5:01:32 PM  Sucessfully fetched 5 orders for page 1
[[32minfo[39m] order: 1/7/2023, 5:02:10 PM  Sucessfully fetched all orders
[[32minfo[39m] order: 1/7/2023, 5:02:10 PM  Sucessfully fetched 5 orders for page 1
[[32minfo[39m] order: 1/7/2023, 5:02:10 PM  Sucessfully fetched 5 orders for page 1
[[32minfo[39m] order: 1/7/2023, 5:03:20 PM  Sucessfully fetched all orders
[[32minfo[39m] order: 1/7/2023, 5:03:21 PM  Sucessfully fetched 5 orders for page 1
[[32minfo[39m] order: 1/7/2023, 5:03:21 PM  Sucessfully fetched 5 orders for page 1
[[32minfo[39m] order: 1/7/2023, 5:04:27 PM  Sucessfully fetched all orders
[[32minfo[39m] order: 1/7/2023, 5:04:27 PM  Sucessfully fetched 5 orders for page 1
[[32minfo[39m] order: 1/7/2023, 5:04:27 PM  Sucessfully fetched 5 orders for page 1
[[32minfo[39m] order: 1/7/2023, 5:04:59 PM  Sucessfully fetched all orders
[[32minfo[39m] order: 1/7/2023, 5:04:59 PM  Sucessfully fetched 5 orders for page 1
[[32minfo[39m] order: 1/7/2023, 5:04:59 PM  Sucessfully fetched 5 orders for page 1
[[32minfo[39m] order: 1/7/2023, 5:15:05 PM  Sucessfully fetched all orders
[[32minfo[39m] order: 1/7/2023, 5:15:05 PM  Sucessfully fetched 5 orders for page 1
[[32minfo[39m] order: 1/7/2023, 5:15:05 PM  Sucessfully fetched 5 orders for page 1
[[32minfo[39m] order: 1/7/2023, 5:23:22 PM  Sucessfully fetched all orders
[[32minfo[39m] order: 1/7/2023, 5:23:22 PM  Sucessfully fetched 5 orders for page 1
[[32minfo[39m] order: 1/7/2023, 5:23:22 PM  Sucessfully fetched 5 orders for page 1
[[32minfo[39m] order: 1/7/2023, 5:24:10 PM  Sucessfully fetched all orders
[[32minfo[39m] order: 1/7/2023, 5:24:10 PM  Sucessfully fetched 5 orders for page 1
[[32minfo[39m] order: 1/7/2023, 5:24:10 PM  Sucessfully fetched 5 orders for page 1
[[32minfo[39m] order: 1/7/2023, 5:24:47 PM  Sucessfully fetched all orders
[[32minfo[39m] order: 1/7/2023, 5:24:47 PM  Sucessfully fetched 5 orders for page 1
[[32minfo[39m] order: 1/7/2023, 5:24:47 PM  Sucessfully fetched 5 orders for page 1
[[32minfo[39m] order: 1/7/2023, 5:25:36 PM  Sucessfully fetched all orders
[[32minfo[39m] order: 1/7/2023, 5:25:36 PM  Sucessfully fetched 5 orders for page 1
[[32minfo[39m] order: 1/7/2023, 5:25:36 PM  Sucessfully fetched 5 orders for page 1
[[32minfo[39m] order: 1/7/2023, 5:26:18 PM  Sucessfully fetched all orders
[[32minfo[39m] order: 1/7/2023, 5:26:18 PM  Sucessfully fetched 5 orders for page 1
[[32minfo[39m] order: 1/7/2023, 5:26:18 PM  Sucessfully fetched 5 orders for page 1
[[32minfo[39m] order: 1/7/2023, 5:27:02 PM  Sucessfully fetched all orders
[[32minfo[39m] order: 1/7/2023, 5:27:02 PM  Sucessfully fetched 5 orders for page 1
[[32minfo[39m] order: 1/7/2023, 5:27:02 PM  Sucessfully fetched 5 orders for page 1
[[32minfo[39m] order: 1/7/2023, 5:27:24 PM  Sucessfully fetched all orders
[[32minfo[39m] order: 1/7/2023, 5:27:24 PM  Sucessfully fetched 5 orders for page 1
[[32minfo[39m] order: 1/7/2023, 5:27:24 PM  Sucessfully fetched 5 orders for page 1
[[32minfo[39m] order: 1/7/2023, 5:27:51 PM  Sucessfully fetched all orders
[[32minfo[39m] order: 1/7/2023, 5:27:51 PM  Sucessfully fetched 5 orders for page 1
[[32minfo[39m] order: 1/7/2023, 5:27:51 PM  Sucessfully fetched 5 orders for page 1
[[32minfo[39m] order: 1/7/2023, 5:28:34 PM  Sucessfully fetched all orders
[[32minfo[39m] order: 1/7/2023, 5:28:34 PM  Sucessfully fetched 5 orders for page 1
[[32minfo[39m] order: 1/7/2023, 5:28:34 PM  Sucessfully fetched 5 orders for page 1
[[32minfo[39m] order: 1/7/2023, 5:28:51 PM  Sucessfully fetched all orders
[[32minfo[39m] order: 1/7/2023, 5:28:52 PM  Sucessfully fetched 5 orders for page 1
[[32minfo[39m] order: 1/7/2023, 5:28:52 PM  Sucessfully fetched 5 orders for page 1
[[32minfo[39m] order: 1/7/2023, 5:35:56 PM  Sucessfully fetched all orders
[[32minfo[39m] order: 1/7/2023, 5:35:56 PM  Sucessfully fetched 5 orders for page 1
[[32minfo[39m] order: 1/7/2023, 5:35:56 PM  Sucessfully fetched 5 orders for page 1
[[32minfo[39m] order: 1/7/2023, 5:37:56 PM  Sucessfully fetched all orders
[[32minfo[39m] order: 1/7/2023, 5:37:56 PM  Sucessfully fetched 5 orders for page 1
[[32minfo[39m] order: 1/7/2023, 5:37:56 PM  Sucessfully fetched 5 orders for page 1
[[32minfo[39m] order: 1/7/2023, 5:40:29 PM  Sucessfully fetched all orders
[[32minfo[39m] order: 1/7/2023, 5:40:29 PM  Sucessfully fetched 5 orders for page 1
[[32minfo[39m] order: 1/7/2023, 5:40:29 PM  Sucessfully fetched 5 orders for page 1
[[32minfo[39m] order: 1/7/2023, 5:40:54 PM  Sucessfully fetched all orders
[[32minfo[39m] order: 1/7/2023, 5:40:54 PM  Sucessfully fetched 5 orders for page 1
[[32minfo[39m] order: 1/7/2023, 5:40:54 PM  Sucessfully fetched 5 orders for page 1
[[32minfo[39m] order: 1/7/2023, 5:41:15 PM  Sucessfully fetched all orders
[[32minfo[39m] order: 1/7/2023, 5:41:16 PM  Sucessfully fetched 5 orders for page 1
[[32minfo[39m] order: 1/7/2023, 5:41:16 PM  Sucessfully fetched 5 orders for page 1
[[32minfo[39m] order: 1/7/2023, 5:42:06 PM  Sucessfully fetched all orders
[[32minfo[39m] order: 1/7/2023, 5:42:06 PM  Sucessfully fetched 5 orders for page 1
[[32minfo[39m] order: 1/7/2023, 5:42:06 PM  Sucessfully fetched 5 orders for page 1
[[32minfo[39m] order: 1/7/2023, 5:44:22 PM  Sucessfully fetched all orders
[[32minfo[39m] order: 1/7/2023, 5:44:22 PM  Sucessfully fetched 5 orders for page 1
[[32minfo[39m] order: 1/7/2023, 5:44:22 PM  Sucessfully fetched 5 orders for page 1
[[32minfo[39m] order: 1/7/2023, 5:47:34 PM  Sucessfully fetched all orders
[[32minfo[39m] order: 1/7/2023, 5:47:34 PM  Sucessfully fetched 5 orders for page 1
[[32minfo[39m] order: 1/7/2023, 5:47:34 PM  Sucessfully fetched 5 orders for page 1
[[32minfo[39m] order: 1/7/2023, 5:49:04 PM  Sucessfully fetched all orders
[[32minfo[39m] order: 1/7/2023, 5:49:04 PM  Sucessfully fetched 5 orders for page 1
[[32minfo[39m] order: 1/7/2023, 5:49:04 PM  Sucessfully fetched 5 orders for page 1
[[32minfo[39m] order: 1/7/2023, 5:57:15 PM  Sucessfully fetched all orders
[[32minfo[39m] order: 1/7/2023, 5:57:15 PM  Sucessfully fetched 5 orders for page 1
[[32minfo[39m] order: 1/7/2023, 5:57:15 PM  Sucessfully fetched 5 orders for page 1
[[32minfo[39m] order: 1/7/2023, 5:57:26 PM  Sucessfully fetched all orders
[[32minfo[39m] order: 1/7/2023, 5:57:26 PM  Sucessfully fetched 5 orders for page 1
[[32minfo[39m] order: 1/7/2023, 5:57:26 PM  Sucessfully fetched 5 orders for page 1
[[32minfo[39m] order: 1/7/2023, 5:58:36 PM  Sucessfully fetched all orders
[[32minfo[39m] order: 1/7/2023, 5:58:36 PM  Sucessfully fetched 5 orders for page 1
[[32minfo[39m] order: 1/7/2023, 5:58:36 PM  Sucessfully fetched 5 orders for page 1
[[32minfo[39m] order: 1/7/2023, 6:11:03 PM  Sucessfully fetched all orders
[[32minfo[39m] order: 1/7/2023, 6:11:03 PM  Sucessfully fetched all orders
[[32minfo[39m] order: 1/7/2023, 6:11:10 PM  Sucessfully fetched all orders
[[32minfo[39m] order: 1/7/2023, 6:11:10 PM  Sucessfully fetched 5 orders for page 1
[[32minfo[39m] order: 1/7/2023, 6:11:10 PM  Sucessfully fetched 5 orders for page 1
[[32minfo[39m] order: 1/7/2023, 6:11:13 PM  Sucessfully fetched all orders
[[32minfo[39m] order: 1/7/2023, 6:11:13 PM  Sucessfully fetched 5 orders for page 1
[[32minfo[39m] order: 1/7/2023, 6:11:13 PM  Sucessfully fetched 5 orders for page 1
[[32minfo[39m] order: 1/7/2023, 6:11:44 PM  Sucessfully fetched all orders
[[32minfo[39m] order: 1/7/2023, 6:11:44 PM  Sucessfully fetched all orders
[[32minfo[39m] order: 1/7/2023, 6:11:54 PM  Sucessfully fetched all orders
[[32minfo[39m] order: 1/7/2023, 6:11:54 PM  Sucessfully fetched 5 orders for page 1
[[32minfo[39m] order: 1/7/2023, 6:11:54 PM  Sucessfully fetched 5 orders for page 1
[[32minfo[39m] order: 1/7/2023, 6:12:24 PM  Sucessfully fetched all orders
[[32minfo[39m] order: 1/7/2023, 6:12:24 PM  Sucessfully fetched 5 orders for page 1
[[32minfo[39m] order: 1/7/2023, 6:12:24 PM  Sucessfully fetched 5 orders for page 1
[[32minfo[39m] order: 1/7/2023, 6:16:23 PM  Sucessfully fetched all orders
[[32minfo[39m] order: 1/7/2023, 6:16:23 PM  Sucessfully fetched 5 orders for page 1
[[32minfo[39m] order: 1/7/2023, 6:16:23 PM  Sucessfully fetched 5 orders for page 1
[[32minfo[39m] order: 1/7/2023, 6:17:29 PM  Sucessfully fetched all orders
[[32minfo[39m] order: 1/7/2023, 6:17:30 PM  Sucessfully fetched 5 orders for page 1
[[32minfo[39m] order: 1/7/2023, 6:17:30 PM  Sucessfully fetched 5 orders for page 1
[[32minfo[39m] order: 1/7/2023, 6:18:04 PM  Sucessfully fetched all orders
[[32minfo[39m] order: 1/7/2023, 6:18:04 PM  Sucessfully fetched 5 orders for page 1
[[32minfo[39m] order: 1/7/2023, 6:18:04 PM  Sucessfully fetched 5 orders for page 1
[[32minfo[39m] order: 1/7/2023, 6:18:57 PM  Sucessfully fetched 10 orders for page 1
[[32minfo[39m] order: 1/7/2023, 6:19:00 PM  Sucessfully fetched 5 orders for page 1
[[32minfo[39m] order: 1/7/2023, 6:19:50 PM  Sucessfully fetched orders of user: 0e2be537-529f-48f4-88c2-62a6c113507f
[[32minfo[39m] order: 1/7/2023, 6:41:42 PM  Sucessfully fetched orders for ID:  0bf0348b-fdec-4ddb-92ec-ba8c690af37f
[[31merror[39m] order: 1/7/2023, 8:01:38 PM  ValidationError: "country" is not allowed to be empty
[[31merror[39m] order: 1/7/2023, 8:03:42 PM  ValidationError: "ward" must be a number
[[31merror[39m] order: 1/7/2023, 8:05:00 PM  ValidationError: "country" is not allowed to be empty
[[31merror[39m] order: 1/7/2023, 8:05:50 PM  ValidationError: "houseNo" must be a number
[[32minfo[39m] order: 1/7/2023, 8:07:49 PM  Sucessfully order placed for user : 0e2be537-529f-48f4-88c2-62a6c113507f
[[32minfo[39m] order: 1/7/2023, 8:14:48 PM  Sucessfully fetched all orders
[[32minfo[39m] order: 1/7/2023, 8:14:48 PM  Sucessfully fetched 5 orders for page 1
[[32minfo[39m] order: 1/7/2023, 8:14:48 PM  Sucessfully fetched 5 orders for page 1
[[32minfo[39m] order: 1/7/2023, 8:17:08 PM  Sucessfully order placed for user : 19c67528-a30c-4bb5-9ea4-1dc7bd65e31c
[[31merror[39m] order: 1/7/2023, 8:24:30 PM  Error: No active cart Found for User Id: 19c67528-a30c-4bb5-9ea4-1dc7bd65e31c
    at Object.place_order (/media/bhuban/72E2928AE29251E9/prithak_creation/Projects/learning/E-commerce-App/eCommerceApp/Server/src/service/orderService.js:88:22)
    at runMicrotasks (<anonymous>)
    at processTicksAndRejections (node:internal/process/task_queues:96:5)
    at async place_order (/media/bhuban/72E2928AE29251E9/prithak_creation/Projects/learning/E-commerce-App/eCommerceApp/Server/src/api/orderApi.js:79:17)
[[32minfo[39m] order: 1/8/2023, 11:01:23 AM  Sucessfully fetched orders for ID:  0bf0348b-fdec-4ddb-92ec-ba8c690af37f
[[32minfo[39m] order: 1/8/2023, 11:02:39 AM  Sucessfully fetched orders of user: 19c67528-a30c-4bb5-9ea4-1dc7bd65e31c
[[32minfo[39m] order: 1/8/2023, 11:03:05 AM  Order cancelled sucessfully for ID : b137b4ae-12f5-47ab-8048-dfd98576da83
[[32minfo[39m] order: 1/8/2023, 11:03:05 AM  Sucessfully fetched orders of user: 19c67528-a30c-4bb5-9ea4-1dc7bd65e31c
[[32minfo[39m] order: 1/8/2023, 11:03:10 AM  Order cancelled sucessfully for ID : 6ead83ec-ce83-4094-bf2a-5c88c2fbfee6
[[32minfo[39m] order: 1/8/2023, 11:03:10 AM  Sucessfully fetched orders of user: 19c67528-a30c-4bb5-9ea4-1dc7bd65e31c
[[32minfo[39m] order: 1/8/2023, 11:03:23 AM  Sucessfully fetched orders of user: 19c67528-a30c-4bb5-9ea4-1dc7bd65e31c
[[31merror[39m] order: 1/8/2023, 11:03:26 AM  Error: Already Placed for cancelled. Id: b137b4ae-12f5-47ab-8048-dfd98576da83
    at Object.cancel_order (/media/bhuban/72E2928AE29251E9/prithak_creation/Projects/learning/E-commerce-App/eCommerceApp/Server/src/service/orderService.js:388:13)
    at runMicrotasks (<anonymous>)
    at processTicksAndRejections (node:internal/process/task_queues:96:5)
    at async cancel_order (/media/bhuban/72E2928AE29251E9/prithak_creation/Projects/learning/E-commerce-App/eCommerceApp/Server/src/api/orderApi.js:186:17)
[[31merror[39m] order: 1/8/2023, 11:03:34 AM  Error: Order is already Placed for cancellation. Id: b137b4ae-12f5-47ab-8048-dfd98576da83
    at Object.return_replace_order (/media/bhuban/72E2928AE29251E9/prithak_creation/Projects/learning/E-commerce-App/eCommerceApp/Server/src/service/orderService.js:429:13)
    at runMicrotasks (<anonymous>)
    at processTicksAndRejections (node:internal/process/task_queues:96:5)
    at async return_replace_order (/media/bhuban/72E2928AE29251E9/prithak_creation/Projects/learning/E-commerce-App/eCommerceApp/Server/src/api/orderApi.js:199:17)
[[31merror[39m] order: 1/8/2023, 11:03:40 AM  Error: Order is already Placed for cancellation. Id: b137b4ae-12f5-47ab-8048-dfd98576da83
    at Object.return_replace_order (/media/bhuban/72E2928AE29251E9/prithak_creation/Projects/learning/E-commerce-App/eCommerceApp/Server/src/service/orderService.js:429:13)
    at runMicrotasks (<anonymous>)
    at processTicksAndRejections (node:internal/process/task_queues:96:5)
    at async return_replace_order (/media/bhuban/72E2928AE29251E9/prithak_creation/Projects/learning/E-commerce-App/eCommerceApp/Server/src/api/orderApi.js:199:17)
[[32minfo[39m] order: 1/8/2023, 11:15:47 AM  Sucessfully fetched orders of user: 19c67528-a30c-4bb5-9ea4-1dc7bd65e31c
[[32minfo[39m] order: 1/8/2023, 11:16:25 AM  Sucessfully fetched orders of user: 19c67528-a30c-4bb5-9ea4-1dc7bd65e31c
[[32minfo[39m] order: 1/8/2023, 11:16:55 AM  Sucessfully fetched orders of user: 19c67528-a30c-4bb5-9ea4-1dc7bd65e31c
[[32minfo[39m] order: 1/8/2023, 11:18:03 AM  Sucessfully fetched orders of user: 19c67528-a30c-4bb5-9ea4-1dc7bd65e31c
[[32minfo[39m] order: 1/8/2023, 11:20:24 AM  Sucessfully fetched orders of user: 19c67528-a30c-4bb5-9ea4-1dc7bd65e31c
[[32minfo[39m] order: 1/8/2023, 11:29:34 AM  Sucessfully fetched orders of user: 19c67528-a30c-4bb5-9ea4-1dc7bd65e31c
[[32minfo[39m] order: 1/8/2023, 11:30:30 AM  Sucessfully fetched orders of user: 19c67528-a30c-4bb5-9ea4-1dc7bd65e31c
[[32minfo[39m] order: 1/8/2023, 11:31:03 AM  Sucessfully fetched orders of user: 19c67528-a30c-4bb5-9ea4-1dc7bd65e31c
[[32minfo[39m] order: 1/8/2023, 11:32:05 AM  Sucessfully fetched orders of user: 19c67528-a30c-4bb5-9ea4-1dc7bd65e31c
[[32minfo[39m] order: 1/8/2023, 11:33:09 AM  Sucessfully fetched orders of user: 19c67528-a30c-4bb5-9ea4-1dc7bd65e31c
[[32minfo[39m] order: 1/8/2023, 11:34:58 AM  Sucessfully fetched orders of user: 19c67528-a30c-4bb5-9ea4-1dc7bd65e31c
[[32minfo[39m] order: 1/8/2023, 12:10:23 PM  Sucessfully fetched orders of user: 19c67528-a30c-4bb5-9ea4-1dc7bd65e31c
[[32minfo[39m] order: 1/8/2023, 12:12:27 PM  Sucessfully fetched orders of user: 19c67528-a30c-4bb5-9ea4-1dc7bd65e31c
[[32minfo[39m] order: 1/8/2023, 12:14:39 PM  Sucessfully fetched orders of user: 19c67528-a30c-4bb5-9ea4-1dc7bd65e31c
[[32minfo[39m] order: 1/8/2023, 12:22:02 PM  Sucessfully fetched orders of user: 19c67528-a30c-4bb5-9ea4-1dc7bd65e31c
[[32minfo[39m] order: 1/8/2023, 12:22:49 PM  Sucessfully fetched orders of user: 19c67528-a30c-4bb5-9ea4-1dc7bd65e31c
[[32minfo[39m] order: 1/8/2023, 12:23:00 PM  Sucessfully fetched orders of user: 19c67528-a30c-4bb5-9ea4-1dc7bd65e31c
[[32minfo[39m] order: 1/8/2023, 12:25:53 PM  Sucessfully fetched orders of user: 19c67528-a30c-4bb5-9ea4-1dc7bd65e31c
[[32minfo[39m] order: 1/8/2023, 12:26:34 PM  Sucessfully fetched orders of user: 19c67528-a30c-4bb5-9ea4-1dc7bd65e31c
[[32minfo[39m] order: 1/8/2023, 12:27:48 PM  Sucessfully fetched orders of user: 19c67528-a30c-4bb5-9ea4-1dc7bd65e31c
[[32minfo[39m] order: 1/8/2023, 12:30:30 PM  Sucessfully fetched orders of user: 19c67528-a30c-4bb5-9ea4-1dc7bd65e31c
[[32minfo[39m] order: 1/8/2023, 12:30:47 PM  Sucessfully fetched orders of user: 19c67528-a30c-4bb5-9ea4-1dc7bd65e31c
[[32minfo[39m] order: 1/8/2023, 1:00:44 PM  Sucessfully fetched orders of user: 19c67528-a30c-4bb5-9ea4-1dc7bd65e31c
[[32minfo[39m] order: 1/8/2023, 1:00:44 PM  Sucessfully fetched orders of user: 19c67528-a30c-4bb5-9ea4-1dc7bd65e31c
[[32minfo[39m] order: 1/8/2023, 1:00:59 PM  Sucessfully fetched orders of user: 19c67528-a30c-4bb5-9ea4-1dc7bd65e31c
[[32minfo[39m] order: 1/8/2023, 1:01:14 PM  Sucessfully fetched orders of user: 19c67528-a30c-4bb5-9ea4-1dc7bd65e31c
[[32minfo[39m] order: 1/8/2023, 1:02:18 PM  Sucessfully fetched orders of user: 19c67528-a30c-4bb5-9ea4-1dc7bd65e31c
[[32minfo[39m] order: 1/8/2023, 1:02:40 PM  Sucessfully fetched orders of user: 19c67528-a30c-4bb5-9ea4-1dc7bd65e31c
[[32minfo[39m] order: 1/8/2023, 1:03:39 PM  Sucessfully fetched orders of user: 19c67528-a30c-4bb5-9ea4-1dc7bd65e31c
[[32minfo[39m] order: 1/8/2023, 1:05:12 PM  Sucessfully fetched orders of user: 19c67528-a30c-4bb5-9ea4-1dc7bd65e31c
[[32minfo[39m] order: 1/8/2023, 1:06:55 PM  Sucessfully fetched all orders
[[32minfo[39m] order: 1/8/2023, 1:06:55 PM  Sucessfully fetched 5 orders for page 1
[[32minfo[39m] order: 1/8/2023, 1:06:56 PM  Sucessfully fetched 5 orders for page 1
[[32minfo[39m] order: 1/8/2023, 1:07:07 PM  Sucessfully fetched orders of user: 19c67528-a30c-4bb5-9ea4-1dc7bd65e31c
[[32minfo[39m] order: 1/8/2023, 1:08:31 PM  Sucessfully fetched all orders
[[32minfo[39m] order: 1/8/2023, 1:08:32 PM  Sucessfully fetched 5 orders for page 1
[[32minfo[39m] order: 1/8/2023, 1:08:32 PM  Sucessfully fetched 5 orders for page 1
[[32minfo[39m] order: 1/8/2023, 1:08:39 PM  Sucessfully fetched orders of user: 19c67528-a30c-4bb5-9ea4-1dc7bd65e31c
[[32minfo[39m] order: 1/8/2023, 1:09:12 PM  Sucessfully fetched orders of user: 19c67528-a30c-4bb5-9ea4-1dc7bd65e31c
[[32minfo[39m] order: 1/8/2023, 1:10:58 PM  Sucessfully fetched orders of user: 19c67528-a30c-4bb5-9ea4-1dc7bd65e31c
[[32minfo[39m] order: 1/8/2023, 1:12:12 PM  Sucessfully fetched orders of user: 19c67528-a30c-4bb5-9ea4-1dc7bd65e31c
[[32minfo[39m] order: 1/8/2023, 1:25:51 PM  Sucessfully fetched orders of user: 19c67528-a30c-4bb5-9ea4-1dc7bd65e31c
[[32minfo[39m] order: 1/8/2023, 1:25:52 PM  Sucessfully fetched orders of user: 19c67528-a30c-4bb5-9ea4-1dc7bd65e31c
[[32minfo[39m] order: 1/8/2023, 1:26:08 PM  Sucessfully fetched orders of user: 19c67528-a30c-4bb5-9ea4-1dc7bd65e31c
[[32minfo[39m] order: 1/8/2023, 1:27:01 PM  Sucessfully fetched all orders
[[32minfo[39m] order: 1/8/2023, 1:27:02 PM  Sucessfully fetched 5 orders for page 1
[[32minfo[39m] order: 1/8/2023, 1:27:02 PM  Sucessfully fetched 5 orders for page 1
[[32minfo[39m] order: 1/8/2023, 1:27:06 PM  Sucessfully fetched orders of user: 19c67528-a30c-4bb5-9ea4-1dc7bd65e31c
[[32minfo[39m] order: 1/8/2023, 8:05:14 PM  Sucessfully fetched orders of user: 19c67528-a30c-4bb5-9ea4-1dc7bd65e31c
[[32minfo[39m] order: 1/8/2023, 8:05:56 PM  Sucessfully fetched orders of user: 19c67528-a30c-4bb5-9ea4-1dc7bd65e31c
[[32minfo[39m] order: 1/8/2023, 8:06:44 PM  Sucessfully fetched orders of user: 19c67528-a30c-4bb5-9ea4-1dc7bd65e31c
[[32minfo[39m] order: 1/8/2023, 8:07:20 PM  Sucessfully fetched orders of user: 19c67528-a30c-4bb5-9ea4-1dc7bd65e31c
[[32minfo[39m] order: 1/8/2023, 8:08:00 PM  Sucessfully fetched orders of user: 19c67528-a30c-4bb5-9ea4-1dc7bd65e31c
[[32minfo[39m] order: 1/8/2023, 8:09:36 PM  Sucessfully fetched orders of user: 19c67528-a30c-4bb5-9ea4-1dc7bd65e31c
[[32minfo[39m] order: 1/8/2023, 8:09:47 PM  Sucessfully fetched orders of user: 19c67528-a30c-4bb5-9ea4-1dc7bd65e31c
[[32minfo[39m] order: 1/8/2023, 8:09:57 PM  Sucessfully fetched orders of user: 19c67528-a30c-4bb5-9ea4-1dc7bd65e31c
[[32minfo[39m] order: 1/8/2023, 8:10:17 PM  Sucessfully fetched orders of user: 19c67528-a30c-4bb5-9ea4-1dc7bd65e31c
[[32minfo[39m] order: 1/8/2023, 8:10:38 PM  Sucessfully fetched orders of user: 19c67528-a30c-4bb5-9ea4-1dc7bd65e31c
[[31merror[39m] order: 1/8/2023, 8:27:17 PM  error: column "createdat" does not exist
    at Parser.parseErrorMessage (/media/bhuban/72E2928AE29251E9/prithak_creation/Projects/learning/E-commerce-App/eCommerceApp/Server/node_modules/pg-protocol/dist/parser.js:287:98)
    at Parser.handlePacket (/media/bhuban/72E2928AE29251E9/prithak_creation/Projects/learning/E-commerce-App/eCommerceApp/Server/node_modules/pg-protocol/dist/parser.js:126:29)
    at Parser.parse (/media/bhuban/72E2928AE29251E9/prithak_creation/Projects/learning/E-commerce-App/eCommerceApp/Server/node_modules/pg-protocol/dist/parser.js:39:38)
    at Socket.<anonymous> (/media/bhuban/72E2928AE29251E9/prithak_creation/Projects/learning/E-commerce-App/eCommerceApp/Server/node_modules/pg-protocol/dist/index.js:11:42)
    at Socket.emit (node:events:513:28)
    at addChunk (node:internal/streams/readable:315:12)
    at readableAddChunk (node:internal/streams/readable:289:9)
    at Socket.Readable.push (node:internal/streams/readable:228:10)
    at TCP.onStreamRead (node:internal/stream_base_commons:190:23)
[[31merror[39m] order: 1/8/2023, 8:28:13 PM  error: column "createdat" does not exist
    at Parser.parseErrorMessage (/media/bhuban/72E2928AE29251E9/prithak_creation/Projects/learning/E-commerce-App/eCommerceApp/Server/node_modules/pg-protocol/dist/parser.js:287:98)
    at Parser.handlePacket (/media/bhuban/72E2928AE29251E9/prithak_creation/Projects/learning/E-commerce-App/eCommerceApp/Server/node_modules/pg-protocol/dist/parser.js:126:29)
    at Parser.parse (/media/bhuban/72E2928AE29251E9/prithak_creation/Projects/learning/E-commerce-App/eCommerceApp/Server/node_modules/pg-protocol/dist/parser.js:39:38)
    at Socket.<anonymous> (/media/bhuban/72E2928AE29251E9/prithak_creation/Projects/learning/E-commerce-App/eCommerceApp/Server/node_modules/pg-protocol/dist/index.js:11:42)
    at Socket.emit (node:events:513:28)
    at addChunk (node:internal/streams/readable:315:12)
    at readableAddChunk (node:internal/streams/readable:289:9)
    at Socket.Readable.push (node:internal/streams/readable:228:10)
    at TCP.onStreamRead (node:internal/stream_base_commons:190:23)
[[32minfo[39m] order: 1/8/2023, 8:33:10 PM  Sucessfully fetched 10 user orders for page 1
[[32minfo[39m] order: 1/8/2023, 8:34:35 PM  Sucessfully fetched 10 user orders for page 1
[[32minfo[39m] order: 1/8/2023, 8:37:30 PM  Sucessfully fetched 10 user orders for page 1
[[32minfo[39m] order: 1/8/2023, 8:40:09 PM  Sucessfully fetched 10 user orders for page 1
[[32minfo[39m] order: 1/8/2023, 8:40:19 PM  Sucessfully fetched 10 user orders for page 1
[[32minfo[39m] order: 1/8/2023, 8:43:51 PM  Sucessfully fetched 10 user orders for page 1
[[32minfo[39m] order: 1/8/2023, 8:44:08 PM  Sucessfully fetched 10 user orders for page 1
[[32minfo[39m] order: 1/8/2023, 8:45:39 PM  Sucessfully fetched 10 user orders for page 1
[[32minfo[39m] order: 1/8/2023, 8:45:45 PM  Sucessfully fetched 10 user orders for page 1
[[32minfo[39m] order: 1/8/2023, 8:46:13 PM  Sucessfully fetched 10 user orders for page 1
[[32minfo[39m] order: 1/8/2023, 8:46:40 PM  Sucessfully fetched 10 user orders for page 1
[[32minfo[39m] order: 1/8/2023, 8:47:55 PM  Sucessfully fetched 10 user orders for page 1
[[32minfo[39m] order: 1/8/2023, 8:48:04 PM  Sucessfully fetched 10 user orders for page 1
[[32minfo[39m] order: 1/8/2023, 8:48:22 PM  Sucessfully fetched 10 user orders for page 1
[[32minfo[39m] order: 1/8/2023, 8:48:25 PM  Sucessfully fetched 10 user orders for page 1
[[31merror[39m] order: 1/8/2023, 8:48:29 PM  Error: Already Placed for cancelled. Id: b137b4ae-12f5-47ab-8048-dfd98576da83
    at Object.cancel_order (/media/bhuban/72E2928AE29251E9/prithak_creation/Projects/learning/E-commerce-App/eCommerceApp/Server/src/service/orderService.js:388:13)
    at processTicksAndRejections (node:internal/process/task_queues:96:5)
    at async cancel_order (/media/bhuban/72E2928AE29251E9/prithak_creation/Projects/learning/E-commerce-App/eCommerceApp/Server/src/api/orderApi.js:186:17)
[[31merror[39m] order: 1/8/2023, 8:48:35 PM  Error: Already Placed for cancelled. Id: 6ead83ec-ce83-4094-bf2a-5c88c2fbfee6
    at Object.cancel_order (/media/bhuban/72E2928AE29251E9/prithak_creation/Projects/learning/E-commerce-App/eCommerceApp/Server/src/service/orderService.js:388:13)
    at processTicksAndRejections (node:internal/process/task_queues:96:5)
    at async cancel_order (/media/bhuban/72E2928AE29251E9/prithak_creation/Projects/learning/E-commerce-App/eCommerceApp/Server/src/api/orderApi.js:186:17)
[[32minfo[39m] order: 1/8/2023, 8:49:05 PM  Sucessfully order placed for user : 19c67528-a30c-4bb5-9ea4-1dc7bd65e31c
[[32minfo[39m] order: 1/8/2023, 8:49:25 PM  Sucessfully fetched 10 user orders for page 1
[[32minfo[39m] order: 1/8/2023, 8:49:31 PM  Order cancelled sucessfully for ID : b255596d-1848-4d64-8280-550d6db6967c
[[31merror[39m] order: 1/8/2023, 8:49:31 PM  error: invalid input syntax for type bigint: "NaN"
    at Parser.parseErrorMessage (/media/bhuban/72E2928AE29251E9/prithak_creation/Projects/learning/E-commerce-App/eCommerceApp/Server/node_modules/pg-protocol/dist/parser.js:287:98)
    at Parser.handlePacket (/media/bhuban/72E2928AE29251E9/prithak_creation/Projects/learning/E-commerce-App/eCommerceApp/Server/node_modules/pg-protocol/dist/parser.js:126:29)
    at Parser.parse (/media/bhuban/72E2928AE29251E9/prithak_creation/Projects/learning/E-commerce-App/eCommerceApp/Server/node_modules/pg-protocol/dist/parser.js:39:38)
    at Socket.<anonymous> (/media/bhuban/72E2928AE29251E9/prithak_creation/Projects/learning/E-commerce-App/eCommerceApp/Server/node_modules/pg-protocol/dist/index.js:11:42)
    at Socket.emit (node:events:513:28)
    at addChunk (node:internal/streams/readable:315:12)
    at readableAddChunk (node:internal/streams/readable:289:9)
    at Socket.Readable.push (node:internal/streams/readable:228:10)
    at TCP.onStreamRead (node:internal/stream_base_commons:190:23)
[[32minfo[39m] order: 1/8/2023, 8:49:54 PM  Sucessfully fetched 10 user orders for page 1
[[32minfo[39m] order: 1/8/2023, 8:50:37 PM  Sucessfully fetched 10 user orders for page 1
[[32minfo[39m] order: 1/8/2023, 8:50:40 PM  Order cancelled sucessfully for ID : b255596d-1848-4d64-8280-550d6db6967c
[[31merror[39m] order: 1/8/2023, 8:50:41 PM  error: invalid input syntax for type bigint: "NaN"
    at Parser.parseErrorMessage (/media/bhuban/72E2928AE29251E9/prithak_creation/Projects/learning/E-commerce-App/eCommerceApp/Server/node_modules/pg-protocol/dist/parser.js:287:98)
    at Parser.handlePacket (/media/bhuban/72E2928AE29251E9/prithak_creation/Projects/learning/E-commerce-App/eCommerceApp/Server/node_modules/pg-protocol/dist/parser.js:126:29)
    at Parser.parse (/media/bhuban/72E2928AE29251E9/prithak_creation/Projects/learning/E-commerce-App/eCommerceApp/Server/node_modules/pg-protocol/dist/parser.js:39:38)
    at Socket.<anonymous> (/media/bhuban/72E2928AE29251E9/prithak_creation/Projects/learning/E-commerce-App/eCommerceApp/Server/node_modules/pg-protocol/dist/index.js:11:42)
    at Socket.emit (node:events:513:28)
    at addChunk (node:internal/streams/readable:315:12)
    at readableAddChunk (node:internal/streams/readable:289:9)
    at Socket.Readable.push (node:internal/streams/readable:228:10)
    at TCP.onStreamRead (node:internal/stream_base_commons:190:23)
[[32minfo[39m] order: 1/8/2023, 8:51:57 PM  Sucessfully fetched 10 user orders for page 1
[[31merror[39m] order: 1/8/2023, 8:52:03 PM  Error: Order is already Placed for cancellation. Id: b255596d-1848-4d64-8280-550d6db6967c
    at Object.return_replace_order (/media/bhuban/72E2928AE29251E9/prithak_creation/Projects/learning/E-commerce-App/eCommerceApp/Server/src/service/orderService.js:429:13)
    at processTicksAndRejections (node:internal/process/task_queues:96:5)
    at async return_replace_order (/media/bhuban/72E2928AE29251E9/prithak_creation/Projects/learning/E-commerce-App/eCommerceApp/Server/src/api/orderApi.js:199:17)
[[32minfo[39m] order: 1/8/2023, 8:52:09 PM  Order placed for return sucessfully on ID  : 6ead83ec-ce83-4094-bf2a-5c88c2fbfee6
[[32minfo[39m] order: 1/8/2023, 8:52:09 PM  Sucessfully fetched 1 user orders for page 1
[[32minfo[39m] order: 1/8/2023, 8:52:12 PM  Sucessfully fetched 1 user orders for page 2
[[32minfo[39m] order: 1/8/2023, 8:52:15 PM  Sucessfully fetched 1 user orders for page 3
[[32minfo[39m] order: 1/8/2023, 8:52:17 PM  Sucessfully fetched 1 user orders for page 2
[[32minfo[39m] order: 1/8/2023, 8:52:20 PM  Sucessfully fetched 10 user orders for page 1
[[32minfo[39m] order: 1/8/2023, 8:52:52 PM  Sucessfully fetched 10 user orders for page 1
[[32minfo[39m] order: 1/8/2023, 8:53:16 PM  Sucessfully fetched 10 user orders for page 1
[[32minfo[39m] order: 1/8/2023, 8:53:32 PM  Sucessfully fetched 10 user orders for page 1
[[32minfo[39m] order: 1/8/2023, 8:54:45 PM  Sucessfully fetched 10 user orders for page 1
[[32minfo[39m] order: 1/8/2023, 8:55:24 PM  Sucessfully fetched 10 user orders for page 1
[[32minfo[39m] order: 1/8/2023, 8:56:01 PM  Sucessfully fetched 10 user orders for page 1
[[32minfo[39m] order: 1/8/2023, 8:56:26 PM  Sucessfully fetched 10 user orders for page 1
[[32minfo[39m] order: 1/8/2023, 8:56:31 PM  Sucessfully fetched 10 user orders for page 1
[[32minfo[39m] order: 1/8/2023, 8:58:13 PM  Sucessfully order placed for user : 19c67528-a30c-4bb5-9ea4-1dc7bd65e31c
[[32minfo[39m] order: 1/8/2023, 8:59:13 PM  Sucessfully fetched 10 user orders for page 1
[[32minfo[39m] order: 1/8/2023, 8:59:23 PM  Sucessfully fetched 10 user orders for page 1
[[32minfo[39m] order: 1/8/2023, 8:59:28 PM  Sucessfully fetched 10 user orders for page 1
[[32minfo[39m] order: 1/8/2023, 9:00:13 PM  Sucessfully fetched 10 user orders for page 1
[[32minfo[39m] order: 1/8/2023, 10:07:51 PM  Sucessfully fetched 10 user orders for page 1
[[32minfo[39m] order: 1/8/2023, 10:08:02 PM  Sucessfully fetched all orders
[[32minfo[39m] order: 1/8/2023, 10:08:02 PM  Sucessfully fetched 5 orders for page 1
[[32minfo[39m] order: 1/8/2023, 10:08:02 PM  Sucessfully fetched 5 orders for page 1
[[31merror[39m] order: 1/8/2023, 10:08:42 PM  Error: Invalid Order Status
    at Object.update_order_status (/media/bhuban/72E2928AE29251E9/prithak_creation/Projects/learning/E-commerce-App/eCommerceApp/Server/src/service/orderService.js:305:13)
    at processTicksAndRejections (node:internal/process/task_queues:96:5)
    at async update_status (/media/bhuban/72E2928AE29251E9/prithak_creation/Projects/learning/E-commerce-App/eCommerceApp/Server/src/api/orderApi.js:143:17)
[[31merror[39m] order: 1/8/2023, 10:08:51 PM  Error: Invalid Order Status
    at Object.update_order_status (/media/bhuban/72E2928AE29251E9/prithak_creation/Projects/learning/E-commerce-App/eCommerceApp/Server/src/service/orderService.js:305:13)
    at processTicksAndRejections (node:internal/process/task_queues:96:5)
    at async update_status (/media/bhuban/72E2928AE29251E9/prithak_creation/Projects/learning/E-commerce-App/eCommerceApp/Server/src/api/orderApi.js:143:17)
[[32minfo[39m] order: 1/8/2023, 10:11:30 PM  Sucessfully fetched all orders
[[32minfo[39m] order: 1/8/2023, 10:11:30 PM  Sucessfully fetched 5 orders for page 1
[[32minfo[39m] order: 1/8/2023, 10:11:30 PM  Sucessfully fetched 5 orders for page 1
[[32minfo[39m] order: 1/8/2023, 10:38:39 PM  Sucessfully fetched all orders
[[32minfo[39m] order: 1/8/2023, 10:38:39 PM  Sucessfully fetched 5 orders for page 1
[[32minfo[39m] order: 1/8/2023, 10:38:39 PM  Sucessfully fetched 5 orders for page 1
[[32minfo[39m] order: 1/10/2023, 5:47:16 PM  Sucessfully fetched 10 user orders for page 1
[[32minfo[39m] order: 1/10/2023, 5:47:57 PM  Order cancelled sucessfully for ID : b137b4ae-12f5-47ab-8048-dfd98576da83
[[32minfo[39m] order: 1/10/2023, 5:52:11 PM  Sucessfully fetched 10 user orders for page 1
[[31merror[39m] order: 1/10/2023, 5:52:19 PM  Error: Already Placed for cancelled. Id: b137b4ae-12f5-47ab-8048-dfd98576da83
    at Object.cancel_order (/media/bhuban/72E2928AE29251E9/prithak_creation/Projects/learning/E-commerce-App/eCommerceApp/Server/src/service/orderService.js:410:13)
    at processTicksAndRejections (node:internal/process/task_queues:96:5)
    at async cancel_order (/media/bhuban/72E2928AE29251E9/prithak_creation/Projects/learning/E-commerce-App/eCommerceApp/Server/src/api/orderApi.js:186:17)
[[31merror[39m] order: 1/10/2023, 5:52:37 PM  Error: Order is already Placed for cancellation. Id: b137b4ae-12f5-47ab-8048-dfd98576da83
    at Object.return_replace_order (/media/bhuban/72E2928AE29251E9/prithak_creation/Projects/learning/E-commerce-App/eCommerceApp/Server/src/service/orderService.js:450:13)
    at processTicksAndRejections (node:internal/process/task_queues:96:5)
    at async return_replace_order (/media/bhuban/72E2928AE29251E9/prithak_creation/Projects/learning/E-commerce-App/eCommerceApp/Server/src/api/orderApi.js:199:17)
[[31merror[39m] order: 1/10/2023, 5:52:41 PM  Error: Order is already Placed for cancellation. Id: b137b4ae-12f5-47ab-8048-dfd98576da83
    at Object.return_replace_order (/media/bhuban/72E2928AE29251E9/prithak_creation/Projects/learning/E-commerce-App/eCommerceApp/Server/src/service/orderService.js:450:13)
    at processTicksAndRejections (node:internal/process/task_queues:96:5)
    at async return_replace_order (/media/bhuban/72E2928AE29251E9/prithak_creation/Projects/learning/E-commerce-App/eCommerceApp/Server/src/api/orderApi.js:199:17)
[[32minfo[39m] order: 1/10/2023, 5:55:00 PM  Sucessfully fetched 10 user orders for page 1
[[32minfo[39m] order: 1/10/2023, 5:55:02 PM  Sucessfully fetched 10 user orders for page 1
[[32minfo[39m] order: 1/10/2023, 5:55:44 PM  Sucessfully fetched 10 user orders for page 1
[[32minfo[39m] order: 1/10/2023, 5:55:47 PM  Sucessfully fetched 10 user orders for page 1
[[32minfo[39m] order: 1/10/2023, 5:55:53 PM  Sucessfully fetched 10 user orders for page 1
[[32minfo[39m] order: 1/10/2023, 5:56:24 PM  Sucessfully fetched 10 user orders for page 1
[[32minfo[39m] order: 1/10/2023, 5:56:32 PM  Sucessfully fetched 10 user orders for page 1
[[32minfo[39m] order: 1/10/2023, 5:56:40 PM  Sucessfully fetched 10 user orders for page 1
[[32minfo[39m] order: 1/10/2023, 5:57:49 PM  Sucessfully fetched 10 user orders for page 1
[[32minfo[39m] order: 1/10/2023, 5:57:50 PM  Sucessfully fetched 10 user orders for page 1
[[32minfo[39m] order: 1/10/2023, 5:58:01 PM  Sucessfully fetched 10 user orders for page 1
[[32minfo[39m] order: 1/10/2023, 5:58:08 PM  Sucessfully fetched 10 user orders for page 1
[[31merror[39m] order: 1/10/2023, 5:58:18 PM  Error: Order is already Placed for cancellation. Id: b137b4ae-12f5-47ab-8048-dfd98576da83
    at Object.return_replace_order (/media/bhuban/72E2928AE29251E9/prithak_creation/Projects/learning/E-commerce-App/eCommerceApp/Server/src/service/orderService.js:450:13)
    at processTicksAndRejections (node:internal/process/task_queues:96:5)
    at async return_replace_order (/media/bhuban/72E2928AE29251E9/prithak_creation/Projects/learning/E-commerce-App/eCommerceApp/Server/src/api/orderApi.js:199:17)
[[32minfo[39m] order: 1/10/2023, 5:58:25 PM  Sucessfully fetched 10 user orders for page 1
[[32minfo[39m] order: 1/10/2023, 5:58:49 PM  Sucessfully fetched 10 user orders for page 1
[[32minfo[39m] order: 1/10/2023, 5:58:51 PM  Sucessfully fetched 10 user orders for page 1
[[32minfo[39m] order: 1/10/2023, 5:59:06 PM  Sucessfully fetched 10 user orders for page 1
[[32minfo[39m] order: 1/10/2023, 5:59:07 PM  Sucessfully fetched 10 user orders for page 1
[[32minfo[39m] order: 1/10/2023, 8:02:28 PM  Sucessfully fetched 10 user orders for page 1
[[32minfo[39m] order: 1/11/2023, 3:56:02 PM  Sucessfully fetched 10 user orders for page 1
[[32minfo[39m] order: 1/11/2023, 4:04:29 PM  Sucessfully fetched 10 user orders for page 1
[[32minfo[39m] order: 1/11/2023, 4:06:16 PM  Sucessfully fetched 10 user orders for page 1
[[32minfo[39m] order: 1/11/2023, 4:06:46 PM  Order placed for return sucessfully on ID  : e2f4ec0d-bc3e-482b-b2d7-388bcae562ee
[[32minfo[39m] order: 1/11/2023, 4:06:46 PM  Sucessfully fetched 10 user orders for page 1
[[31merror[39m] order: 1/11/2023, 4:06:58 PM  Error: Already Placed for return. Id: e2f4ec0d-bc3e-482b-b2d7-388bcae562ee
    at Object.return_replace_order (/media/bhuban/72E2928AE29251E9/prithak_creation/Projects/learning/E-commerce-App/eCommerceApp/Server/src/service/orderService.js:468:13)
    at runMicrotasks (<anonymous>)
    at processTicksAndRejections (node:internal/process/task_queues:96:5)
    at async return_replace_order (/media/bhuban/72E2928AE29251E9/prithak_creation/Projects/learning/E-commerce-App/eCommerceApp/Server/src/api/orderApi.js:199:17)
[[31merror[39m] order: 1/11/2023, 4:07:06 PM  Error: Already Placed for return. Id: e2f4ec0d-bc3e-482b-b2d7-388bcae562ee
    at Object.return_replace_order (/media/bhuban/72E2928AE29251E9/prithak_creation/Projects/learning/E-commerce-App/eCommerceApp/Server/src/service/orderService.js:468:13)
    at runMicrotasks (<anonymous>)
    at processTicksAndRejections (node:internal/process/task_queues:96:5)
    at async return_replace_order (/media/bhuban/72E2928AE29251E9/prithak_creation/Projects/learning/E-commerce-App/eCommerceApp/Server/src/api/orderApi.js:199:17)
[[32minfo[39m] order: 1/11/2023, 4:09:55 PM  Sucessfully fetched 10 user orders for page 1
[[32minfo[39m] order: 1/11/2023, 4:11:42 PM  Sucessfully fetched 10 user orders for page 1
[[32minfo[39m] order: 1/11/2023, 4:11:42 PM  Sucessfully fetched 10 user orders for page 1
[[32minfo[39m] order: 1/11/2023, 4:11:43 PM  Sucessfully fetched 10 user orders for page 1
[[32minfo[39m] order: 1/11/2023, 4:11:49 PM  Sucessfully fetched 10 user orders for page 1
[[32minfo[39m] order: 1/11/2023, 4:12:56 PM  Sucessfully fetched 10 user orders for page 1
[[32minfo[39m] order: 1/11/2023, 4:13:01 PM  Sucessfully fetched 10 user orders for page 1
[[32minfo[39m] order: 1/11/2023, 4:13:16 PM  Order cancelled sucessfully for ID : 6ead83ec-ce83-4094-bf2a-5c88c2fbfee6
[[32minfo[39m] order: 1/11/2023, 4:13:38 PM  Sucessfully fetched 10 user orders for page 1
[[32minfo[39m] order: 1/11/2023, 4:14:37 PM  Sucessfully fetched 10 user orders for page 1
[[32minfo[39m] order: 1/11/2023, 4:14:37 PM  Sucessfully fetched 10 user orders for page 1
[[32minfo[39m] order: 1/11/2023, 4:16:32 PM  Sucessfully fetched 10 user orders for page 1
[[32minfo[39m] order: 1/11/2023, 4:18:04 PM  Sucessfully fetched 10 user orders for page 1
[[32minfo[39m] order: 1/11/2023, 4:18:05 PM  Sucessfully fetched 10 user orders for page 1
[[32minfo[39m] order: 1/11/2023, 4:18:17 PM  Sucessfully fetched 10 user orders for page 1
[[32minfo[39m] order: 1/11/2023, 4:18:27 PM  Sucessfully fetched 10 user orders for page 1
[[31merror[39m] order: 1/11/2023, 4:18:30 PM  Error: Already Placed for return. Id: e2f4ec0d-bc3e-482b-b2d7-388bcae562ee
    at Object.return_replace_order (/media/bhuban/72E2928AE29251E9/prithak_creation/Projects/learning/E-commerce-App/eCommerceApp/Server/src/service/orderService.js:468:13)
    at runMicrotasks (<anonymous>)
    at processTicksAndRejections (node:internal/process/task_queues:96:5)
    at async return_replace_order (/media/bhuban/72E2928AE29251E9/prithak_creation/Projects/learning/E-commerce-App/eCommerceApp/Server/src/api/orderApi.js:199:17)
[[31merror[39m] order: 1/11/2023, 4:18:40 PM  Error: Already Placed for return. Id: e2f4ec0d-bc3e-482b-b2d7-388bcae562ee
    at Object.return_replace_order (/media/bhuban/72E2928AE29251E9/prithak_creation/Projects/learning/E-commerce-App/eCommerceApp/Server/src/service/orderService.js:468:13)
    at runMicrotasks (<anonymous>)
    at processTicksAndRejections (node:internal/process/task_queues:96:5)
    at async return_replace_order (/media/bhuban/72E2928AE29251E9/prithak_creation/Projects/learning/E-commerce-App/eCommerceApp/Server/src/api/orderApi.js:199:17)
[[32minfo[39m] order: 1/11/2023, 4:19:15 PM  Sucessfully fetched 10 user orders for page 1
[[32minfo[39m] order: 1/11/2023, 4:19:22 PM  Sucessfully fetched 10 user orders for page 1
[[32minfo[39m] order: 1/11/2023, 4:29:01 PM  Sucessfully fetched 10 user orders for page 1
[[31merror[39m] order: 1/11/2023, 4:29:09 PM  Error: Already Placed for return. Id: e2f4ec0d-bc3e-482b-b2d7-388bcae562ee
    at Object.return_replace_order (/media/bhuban/72E2928AE29251E9/prithak_creation/Projects/learning/E-commerce-App/eCommerceApp/Server/src/service/orderService.js:471:13)
    at processTicksAndRejections (node:internal/process/task_queues:96:5)
    at async return_replace_order (/media/bhuban/72E2928AE29251E9/prithak_creation/Projects/learning/E-commerce-App/eCommerceApp/Server/src/api/orderApi.js:199:17)
[[32minfo[39m] order: 1/11/2023, 4:30:26 PM  Sucessfully fetched 10 user orders for page 1
[[32minfo[39m] order: 1/11/2023, 4:30:52 PM  Sucessfully fetched 10 user orders for page 1
[[32minfo[39m] order: 1/11/2023, 4:38:40 PM  Sucessfully fetched 10 user orders for page 1
[[31merror[39m] order: 1/11/2023, 4:38:49 PM  Error: Already Placed for return. Id: e2f4ec0d-bc3e-482b-b2d7-388bcae562ee
    at Object.return_replace_order (/media/bhuban/72E2928AE29251E9/prithak_creation/Projects/learning/E-commerce-App/eCommerceApp/Server/src/service/orderService.js:469:13)
    at processTicksAndRejections (node:internal/process/task_queues:96:5)
    at async return_replace_order (/media/bhuban/72E2928AE29251E9/prithak_creation/Projects/learning/E-commerce-App/eCommerceApp/Server/src/api/orderApi.js:199:17)
[[32minfo[39m] order: 1/11/2023, 4:39:44 PM  Sucessfully fetched 10 user orders for page 1
[[31merror[39m] order: 1/11/2023, 4:40:20 PM  Error: Already Placed for return. Id: e2f4ec0d-bc3e-482b-b2d7-388bcae562ee
    at Object.return_replace_order (/media/bhuban/72E2928AE29251E9/prithak_creation/Projects/learning/E-commerce-App/eCommerceApp/Server/src/service/orderService.js:469:13)
    at processTicksAndRejections (node:internal/process/task_queues:96:5)
    at async return_replace_order (/media/bhuban/72E2928AE29251E9/prithak_creation/Projects/learning/E-commerce-App/eCommerceApp/Server/src/api/orderApi.js:199:17)
[[32minfo[39m] order: 1/11/2023, 4:40:25 PM  Sucessfully fetched 10 user orders for page 1
[[32minfo[39m] order: 1/11/2023, 4:40:33 PM  Order cancelled sucessfully for ID : b255596d-1848-4d64-8280-550d6db6967c
[[32minfo[39m] order: 1/11/2023, 4:40:37 PM  Sucessfully fetched 10 user orders for page 1
[[32minfo[39m] order: 1/11/2023, 4:41:01 PM  Sucessfully fetched all orders
[[32minfo[39m] order: 1/11/2023, 4:41:01 PM  Sucessfully fetched 5 orders for page 1
[[32minfo[39m] order: 1/11/2023, 4:41:01 PM  Sucessfully fetched 5 orders for page 1
[[32minfo[39m] order: 1/11/2023, 4:41:14 PM  Sucessfully fetched 5 orders for page 2
[[32minfo[39m] order: 1/11/2023, 4:41:14 PM  Sucessfully fetched 5 orders for page 2
[[32minfo[39m] order: 1/11/2023, 4:41:14 PM  Sucessfully fetched 5 orders for page 1
[[32minfo[39m] order: 1/11/2023, 4:41:16 PM  Sucessfully fetched 5 orders for page 2
[[32minfo[39m] order: 1/11/2023, 4:41:16 PM  Sucessfully fetched 5 orders for page 2
[[32minfo[39m] order: 1/11/2023, 4:41:16 PM  Sucessfully fetched 5 orders for page 1
[[32minfo[39m] order: 1/11/2023, 4:41:16 PM  Sucessfully fetched 5 orders for page 2
[[32minfo[39m] order: 1/11/2023, 4:41:16 PM  Sucessfully fetched 5 orders for page 1
[[32minfo[39m] order: 1/11/2023, 4:41:16 PM  Sucessfully fetched 5 orders for page 2
[[32minfo[39m] order: 1/11/2023, 4:41:16 PM  Sucessfully fetched 5 orders for page 1
[[32minfo[39m] order: 1/11/2023, 4:41:17 PM  Sucessfully fetched 5 orders for page 2
[[32minfo[39m] order: 1/11/2023, 4:41:17 PM  Sucessfully fetched 5 orders for page 2
[[32minfo[39m] order: 1/11/2023, 4:41:17 PM  Sucessfully fetched 5 orders for page 1
[[32minfo[39m] order: 1/11/2023, 4:41:17 PM  Sucessfully fetched 5 orders for page 2
[[32minfo[39m] order: 1/11/2023, 4:41:17 PM  Sucessfully fetched 5 orders for page 1
[[32minfo[39m] order: 1/11/2023, 4:41:17 PM  Sucessfully fetched 5 orders for page 2
[[32minfo[39m] order: 1/11/2023, 4:41:17 PM  Sucessfully fetched 5 orders for page 1
[[32minfo[39m] order: 1/11/2023, 4:41:18 PM  Sucessfully fetched 5 orders for page 2
[[32minfo[39m] order: 1/11/2023, 4:41:18 PM  Sucessfully fetched 5 orders for page 2
[[32minfo[39m] order: 1/11/2023, 4:41:18 PM  Sucessfully fetched 5 orders for page 1
[[32minfo[39m] order: 1/11/2023, 4:41:18 PM  Sucessfully fetched 5 orders for page 2
[[32minfo[39m] order: 1/11/2023, 4:41:18 PM  Sucessfully fetched 5 orders for page 1
[[32minfo[39m] order: 1/11/2023, 4:41:18 PM  Sucessfully fetched 5 orders for page 2
[[32minfo[39m] order: 1/11/2023, 4:41:18 PM  Sucessfully fetched 5 orders for page 1
[[32minfo[39m] order: 1/11/2023, 4:41:18 PM  Sucessfully fetched 5 orders for page 2
[[32minfo[39m] order: 1/11/2023, 4:41:18 PM  Sucessfully fetched 5 orders for page 1
[[32minfo[39m] order: 1/11/2023, 4:41:18 PM  Sucessfully fetched 5 orders for page 2
[[32minfo[39m] order: 1/11/2023, 4:41:18 PM  Sucessfully fetched 5 orders for page 1
[[32minfo[39m] order: 1/11/2023, 4:41:18 PM  Sucessfully fetched 5 orders for page 2
[[32minfo[39m] order: 1/11/2023, 4:41:19 PM  Sucessfully fetched 5 orders for page 1
[[32minfo[39m] order: 1/11/2023, 4:41:19 PM  Sucessfully fetched 5 orders for page 2
[[32minfo[39m] order: 1/11/2023, 4:41:19 PM  Sucessfully fetched 5 orders for page 1
[[32minfo[39m] order: 1/11/2023, 4:41:19 PM  Sucessfully fetched 5 orders for page 2
[[32minfo[39m] order: 1/11/2023, 4:41:19 PM  Sucessfully fetched 5 orders for page 1
[[32minfo[39m] order: 1/11/2023, 4:41:20 PM  Sucessfully fetched 5 orders for page 2
[[32minfo[39m] order: 1/11/2023, 4:41:20 PM  Sucessfully fetched 5 orders for page 2
[[32minfo[39m] order: 1/11/2023, 4:41:20 PM  Sucessfully fetched 5 orders for page 1
[[32minfo[39m] order: 1/11/2023, 4:41:20 PM  Sucessfully fetched 5 orders for page 2
[[32minfo[39m] order: 1/11/2023, 4:41:20 PM  Sucessfully fetched 5 orders for page 1
[[32minfo[39m] order: 1/11/2023, 4:41:24 PM  Sucessfully fetched 10 orders for page 1
[[32minfo[39m] order: 1/11/2023, 4:41:29 PM  Sucessfully fetched 5 orders for page 1
[[32minfo[39m] order: 1/11/2023, 4:41:31 PM  Sucessfully fetched 5 orders for page 2
[[32minfo[39m] order: 1/11/2023, 4:41:31 PM  Sucessfully fetched 5 orders for page 2
[[32minfo[39m] order: 1/11/2023, 4:41:32 PM  Sucessfully fetched 5 orders for page 1
[[32minfo[39m] order: 1/11/2023, 4:41:34 PM  Sucessfully fetched 5 orders for page 2
[[32minfo[39m] order: 1/11/2023, 4:41:35 PM  Sucessfully fetched 5 orders for page 2
[[32minfo[39m] order: 1/11/2023, 4:41:35 PM  Sucessfully fetched 5 orders for page 1
[[32minfo[39m] order: 1/11/2023, 4:41:38 PM  Sucessfully fetched 10 orders for page 1
[[32minfo[39m] order: 1/11/2023, 4:41:42 PM  Sucessfully fetched all orders
[[32minfo[39m] order: 1/11/2023, 4:41:42 PM  Sucessfully fetched 5 orders for page 1
[[32minfo[39m] order: 1/11/2023, 4:41:43 PM  Sucessfully fetched 5 orders for page 1
[[32minfo[39m] order: 1/11/2023, 4:42:24 PM  Sucessfully fetched 10 user orders for page 1
[[31merror[39m] order: 1/11/2023, 4:42:33 PM  TypeError: this.update_shipment is not a function
    at Object.return_replace_order (/media/bhuban/72E2928AE29251E9/prithak_creation/Projects/learning/E-commerce-App/eCommerceApp/Server/src/service/orderService.js:482:20)
    at runMicrotasks (<anonymous>)
    at processTicksAndRejections (node:internal/process/task_queues:96:5)
    at async return_replace_order (/media/bhuban/72E2928AE29251E9/prithak_creation/Projects/learning/E-commerce-App/eCommerceApp/Server/src/api/orderApi.js:199:17)
[[31merror[39m] order: 1/11/2023, 4:45:05 PM  Error: Invalid Shipment Status
    at update_shipment (/media/bhuban/72E2928AE29251E9/prithak_creation/Projects/learning/E-commerce-App/eCommerceApp/Server/src/service/orderService.js:366:13)
    at processTicksAndRejections (node:internal/process/task_queues:96:5)
    at async Object.return_replace_order (/media/bhuban/72E2928AE29251E9/prithak_creation/Projects/learning/E-commerce-App/eCommerceApp/Server/src/service/orderService.js:481:9)
    at async return_replace_order (/media/bhuban/72E2928AE29251E9/prithak_creation/Projects/learning/E-commerce-App/eCommerceApp/Server/src/api/orderApi.js:199:17)
[[32minfo[39m] order: 1/11/2023, 4:45:09 PM  Sucessfully fetched 10 user orders for page 1
[[32minfo[39m] order: 1/11/2023, 4:45:17 PM  Sucessfully fetched all orders
[[32minfo[39m] order: 1/11/2023, 4:45:17 PM  Sucessfully fetched 5 orders for page 1
[[32minfo[39m] order: 1/11/2023, 4:45:17 PM  Sucessfully fetched 5 orders for page 1
[[32minfo[39m] order: 1/11/2023, 4:45:57 PM  Sucessfully updated payment for order : ae4fe062-3185-4898-a61b-8b50f2da3ad7
[[32minfo[39m] order: 1/11/2023, 4:45:57 PM  Sucessfully fetched 5 orders for page 1
[[32minfo[39m] order: 1/11/2023, 4:46:03 PM  Sucessfully fetched 5 orders for page 2
[[32minfo[39m] order: 1/11/2023, 4:46:04 PM  Sucessfully fetched 5 orders for page 2
[[32minfo[39m] order: 1/11/2023, 4:46:04 PM  Sucessfully fetched 5 orders for page 1
[[32minfo[39m] order: 1/11/2023, 4:46:04 PM  Sucessfully fetched 5 orders for page 2
[[32minfo[39m] order: 1/11/2023, 4:46:04 PM  Sucessfully fetched 5 orders for page 1
[[32minfo[39m] order: 1/11/2023, 4:46:04 PM  Sucessfully fetched 5 orders for page 2
[[32minfo[39m] order: 1/11/2023, 4:46:04 PM  Sucessfully fetched 5 orders for page 1
[[32minfo[39m] order: 1/11/2023, 4:46:05 PM  Sucessfully fetched 5 orders for page 2
[[32minfo[39m] order: 1/11/2023, 4:46:05 PM  Sucessfully fetched 5 orders for page 2
[[32minfo[39m] order: 1/11/2023, 4:46:05 PM  Sucessfully fetched 5 orders for page 1
[[32minfo[39m] order: 1/11/2023, 4:46:05 PM  Sucessfully fetched 5 orders for page 2
[[32minfo[39m] order: 1/11/2023, 4:46:05 PM  Sucessfully fetched 5 orders for page 1
[[32minfo[39m] order: 1/11/2023, 4:46:05 PM  Sucessfully fetched 5 orders for page 2
[[32minfo[39m] order: 1/11/2023, 4:46:05 PM  Sucessfully fetched 5 orders for page 1
[[32minfo[39m] order: 1/11/2023, 4:46:06 PM  Sucessfully fetched 5 orders for page 2
[[32minfo[39m] order: 1/11/2023, 4:46:06 PM  Sucessfully fetched 5 orders for page 2
[[32minfo[39m] order: 1/11/2023, 4:46:06 PM  Sucessfully fetched 5 orders for page 1
[[32minfo[39m] order: 1/11/2023, 4:46:06 PM  Sucessfully fetched 5 orders for page 2
[[32minfo[39m] order: 1/11/2023, 4:46:06 PM  Sucessfully fetched 5 orders for page 1
[[32minfo[39m] order: 1/11/2023, 4:46:06 PM  Sucessfully fetched 5 orders for page 2
[[32minfo[39m] order: 1/11/2023, 4:46:06 PM  Sucessfully fetched 5 orders for page 1
[[32minfo[39m] order: 1/11/2023, 4:46:06 PM  Sucessfully fetched 5 orders for page 2
[[32minfo[39m] order: 1/11/2023, 4:46:06 PM  Sucessfully fetched 5 orders for page 1
[[32minfo[39m] order: 1/11/2023, 4:46:06 PM  Sucessfully fetched 5 orders for page 2
[[32minfo[39m] order: 1/11/2023, 4:46:06 PM  Sucessfully fetched 5 orders for page 1
[[32minfo[39m] order: 1/11/2023, 4:46:07 PM  Sucessfully fetched 5 orders for page 2
[[32minfo[39m] order: 1/11/2023, 4:46:07 PM  Sucessfully fetched 5 orders for page 2
[[32minfo[39m] order: 1/11/2023, 4:46:07 PM  Sucessfully fetched 5 orders for page 1
[[32minfo[39m] order: 1/11/2023, 4:46:07 PM  Sucessfully fetched 5 orders for page 2
[[32minfo[39m] order: 1/11/2023, 4:46:07 PM  Sucessfully fetched 5 orders for page 1
[[32minfo[39m] order: 1/11/2023, 4:46:08 PM  Sucessfully fetched 5 orders for page 2
[[32minfo[39m] order: 1/11/2023, 4:46:08 PM  Sucessfully fetched 5 orders for page 1
[[32minfo[39m] order: 1/11/2023, 4:46:08 PM  Sucessfully fetched 5 orders for page 2
[[32minfo[39m] order: 1/11/2023, 4:46:08 PM  Sucessfully fetched 5 orders for page 2
[[32minfo[39m] order: 1/11/2023, 4:46:08 PM  Sucessfully fetched 5 orders for page 1
[[32minfo[39m] order: 1/11/2023, 4:46:08 PM  Sucessfully fetched 5 orders for page 2
[[32minfo[39m] order: 1/11/2023, 4:46:09 PM  Sucessfully fetched 5 orders for page 1
[[32minfo[39m] order: 1/11/2023, 4:46:09 PM  Sucessfully fetched 5 orders for page 2
[[32minfo[39m] order: 1/11/2023, 4:46:09 PM  Sucessfully fetched 5 orders for page 1
[[32minfo[39m] order: 1/11/2023, 4:46:09 PM  Sucessfully fetched 5 orders for page 2
[[32minfo[39m] order: 1/11/2023, 4:46:09 PM  Sucessfully fetched 5 orders for page 1
[[32minfo[39m] order: 1/11/2023, 4:46:09 PM  Sucessfully fetched 5 orders for page 2
[[32minfo[39m] order: 1/11/2023, 4:46:09 PM  Sucessfully fetched 5 orders for page 1
[[32minfo[39m] order: 1/11/2023, 4:46:09 PM  Sucessfully fetched 5 orders for page 2
[[32minfo[39m] order: 1/11/2023, 4:46:09 PM  Sucessfully fetched 5 orders for page 1
[[32minfo[39m] order: 1/11/2023, 4:46:09 PM  Sucessfully fetched 5 orders for page 2
[[32minfo[39m] order: 1/11/2023, 4:46:09 PM  Sucessfully fetched 5 orders for page 1
[[32minfo[39m] order: 1/11/2023, 4:46:09 PM  Sucessfully fetched 5 orders for page 2
[[32minfo[39m] order: 1/11/2023, 4:46:09 PM  Sucessfully fetched 5 orders for page 1
[[32minfo[39m] order: 1/11/2023, 4:46:09 PM  Sucessfully fetched 5 orders for page 2
[[32minfo[39m] order: 1/11/2023, 4:46:09 PM  Sucessfully fetched 5 orders for page 2
[[32minfo[39m] order: 1/11/2023, 4:46:09 PM  Sucessfully fetched 5 orders for page 1
[[32minfo[39m] order: 1/11/2023, 4:46:10 PM  Sucessfully fetched 5 orders for page 2
[[32minfo[39m] order: 1/11/2023, 4:46:10 PM  Sucessfully fetched 5 orders for page 1
[[32minfo[39m] order: 1/11/2023, 4:46:10 PM  Sucessfully fetched 5 orders for page 2
[[32minfo[39m] order: 1/11/2023, 4:46:10 PM  Sucessfully fetched 5 orders for page 1
[[32minfo[39m] order: 1/11/2023, 4:46:10 PM  Sucessfully fetched 5 orders for page 2
[[32minfo[39m] order: 1/11/2023, 4:46:10 PM  Sucessfully fetched 5 orders for page 2
[[32minfo[39m] order: 1/11/2023, 4:46:10 PM  Sucessfully fetched 5 orders for page 2
[[32minfo[39m] order: 1/11/2023, 4:46:10 PM  Sucessfully fetched 5 orders for page 1
[[32minfo[39m] order: 1/11/2023, 4:46:10 PM  Sucessfully fetched 5 orders for page 2
[[32minfo[39m] order: 1/11/2023, 4:46:10 PM  Sucessfully fetched 5 orders for page 2
[[32minfo[39m] order: 1/11/2023, 4:46:10 PM  Sucessfully fetched 5 orders for page 1
[[32minfo[39m] order: 1/11/2023, 4:46:11 PM  Sucessfully fetched 5 orders for page 2
[[32minfo[39m] order: 1/11/2023, 4:46:11 PM  Sucessfully fetched 5 orders for page 1
[[32minfo[39m] order: 1/11/2023, 4:46:11 PM  Sucessfully fetched 5 orders for page 2
[[32minfo[39m] order: 1/11/2023, 4:46:11 PM  Sucessfully fetched 5 orders for page 1
[[32minfo[39m] order: 1/11/2023, 4:46:11 PM  Sucessfully fetched 5 orders for page 2
[[32minfo[39m] order: 1/11/2023, 4:46:11 PM  Sucessfully fetched 5 orders for page 1
[[32minfo[39m] order: 1/11/2023, 4:46:11 PM  Sucessfully fetched 5 orders for page 2
[[32minfo[39m] order: 1/11/2023, 4:46:11 PM  Sucessfully fetched 5 orders for page 1
[[32minfo[39m] order: 1/11/2023, 4:46:11 PM  Sucessfully fetched 5 orders for page 2
[[32minfo[39m] order: 1/11/2023, 4:46:11 PM  Sucessfully fetched 5 orders for page 1
[[32minfo[39m] order: 1/11/2023, 4:46:11 PM  Sucessfully fetched 5 orders for page 2
[[32minfo[39m] order: 1/11/2023, 4:46:11 PM  Sucessfully fetched 5 orders for page 1
[[32minfo[39m] order: 1/11/2023, 4:46:11 PM  Sucessfully fetched 5 orders for page 2
[[32minfo[39m] order: 1/11/2023, 4:46:11 PM  Sucessfully fetched 5 orders for page 1
[[32minfo[39m] order: 1/11/2023, 4:46:11 PM  Sucessfully fetched 5 orders for page 2
[[32minfo[39m] order: 1/11/2023, 4:46:11 PM  Sucessfully fetched 5 orders for page 1
[[32minfo[39m] order: 1/11/2023, 4:46:11 PM  Sucessfully fetched 5 orders for page 2
[[32minfo[39m] order: 1/11/2023, 4:46:11 PM  Sucessfully fetched 5 orders for page 1
[[32minfo[39m] order: 1/11/2023, 4:46:11 PM  Sucessfully fetched 5 orders for page 2
[[32minfo[39m] order: 1/11/2023, 4:46:11 PM  Sucessfully fetched 5 orders for page 1
[[32minfo[39m] order: 1/11/2023, 4:46:12 PM  Sucessfully fetched 5 orders for page 2
[[32minfo[39m] order: 1/11/2023, 4:46:12 PM  Sucessfully fetched 5 orders for page 2
[[32minfo[39m] order: 1/11/2023, 4:46:12 PM  Sucessfully fetched 5 orders for page 1
[[32minfo[39m] order: 1/11/2023, 4:46:12 PM  Sucessfully fetched 5 orders for page 2
[[32minfo[39m] order: 1/11/2023, 4:46:12 PM  Sucessfully fetched 5 orders for page 1
[[32minfo[39m] order: 1/11/2023, 4:46:12 PM  Sucessfully fetched 5 orders for page 2
[[32minfo[39m] order: 1/11/2023, 4:46:12 PM  Sucessfully fetched 5 orders for page 1
[[32minfo[39m] order: 1/11/2023, 4:46:12 PM  Sucessfully fetched 5 orders for page 2
[[32minfo[39m] order: 1/11/2023, 4:46:12 PM  Sucessfully fetched 5 orders for page 2
[[32minfo[39m] order: 1/11/2023, 4:46:18 PM  Sucessfully fetched 5 orders for page 1
[[32minfo[39m] order: 1/11/2023, 4:46:18 PM  Sucessfully fetched 5 orders for page 1
[[32minfo[39m] order: 1/11/2023, 4:46:20 PM  Sucessfully fetched 5 orders for page 2
[[32minfo[39m] order: 1/11/2023, 4:46:20 PM  Sucessfully fetched 5 orders for page 2
[[32minfo[39m] order: 1/11/2023, 4:46:20 PM  Sucessfully fetched 5 orders for page 1
[[32minfo[39m] order: 1/11/2023, 4:46:20 PM  Sucessfully fetched 5 orders for page 2
[[32minfo[39m] order: 1/11/2023, 4:46:20 PM  Sucessfully fetched 5 orders for page 1
[[32minfo[39m] order: 1/11/2023, 4:46:20 PM  Sucessfully fetched 5 orders for page 2
[[32minfo[39m] order: 1/11/2023, 4:46:21 PM  Sucessfully fetched 5 orders for page 1
[[32minfo[39m] order: 1/11/2023, 4:46:21 PM  Sucessfully fetched 5 orders for page 2
[[32minfo[39m] order: 1/11/2023, 4:46:22 PM  Sucessfully fetched 5 orders for page 2
[[32minfo[39m] order: 1/11/2023, 4:46:22 PM  Sucessfully fetched 5 orders for page 1
[[32minfo[39m] order: 1/11/2023, 4:46:22 PM  Sucessfully fetched 5 orders for page 2
[[32minfo[39m] order: 1/11/2023, 4:46:22 PM  Sucessfully fetched 5 orders for page 1
[[32minfo[39m] order: 1/11/2023, 4:46:22 PM  Sucessfully fetched 5 orders for page 2
[[32minfo[39m] order: 1/11/2023, 4:46:22 PM  Sucessfully fetched 5 orders for page 2
[[32minfo[39m] order: 1/11/2023, 4:46:22 PM  Sucessfully fetched 5 orders for page 1
[[32minfo[39m] order: 1/11/2023, 4:46:23 PM  Sucessfully fetched 5 orders for page 2
[[32minfo[39m] order: 1/11/2023, 4:46:23 PM  Sucessfully fetched 5 orders for page 2
[[32minfo[39m] order: 1/11/2023, 4:46:23 PM  Sucessfully fetched 5 orders for page 1
[[32minfo[39m] order: 1/11/2023, 4:46:23 PM  Sucessfully fetched 5 orders for page 2
[[32minfo[39m] order: 1/11/2023, 4:46:23 PM  Sucessfully fetched 5 orders for page 1
[[32minfo[39m] order: 1/11/2023, 4:46:23 PM  Sucessfully fetched 5 orders for page 2
[[32minfo[39m] order: 1/11/2023, 4:46:23 PM  Sucessfully fetched 5 orders for page 1
[[32minfo[39m] order: 1/11/2023, 4:46:23 PM  Sucessfully fetched 5 orders for page 2
[[32minfo[39m] order: 1/11/2023, 4:46:24 PM  Sucessfully fetched 5 orders for page 2
[[32minfo[39m] order: 1/11/2023, 4:46:24 PM  Sucessfully fetched 5 orders for page 1
[[32minfo[39m] order: 1/11/2023, 4:46:24 PM  Sucessfully fetched 5 orders for page 2
[[32minfo[39m] order: 1/11/2023, 4:46:24 PM  Sucessfully fetched 5 orders for page 2
[[32minfo[39m] order: 1/11/2023, 4:46:24 PM  Sucessfully fetched 5 orders for page 1
[[32minfo[39m] order: 1/11/2023, 4:46:24 PM  Sucessfully fetched 5 orders for page 2
[[32minfo[39m] order: 1/11/2023, 4:46:24 PM  Sucessfully fetched 5 orders for page 1
[[32minfo[39m] order: 1/11/2023, 4:46:24 PM  Sucessfully fetched 5 orders for page 2
[[32minfo[39m] order: 1/11/2023, 4:46:24 PM  Sucessfully fetched 5 orders for page 1
[[32minfo[39m] order: 1/11/2023, 4:46:25 PM  Sucessfully fetched 5 orders for page 2
[[32minfo[39m] order: 1/11/2023, 4:46:25 PM  Sucessfully fetched 5 orders for page 2
[[32minfo[39m] order: 1/11/2023, 4:46:25 PM  Sucessfully fetched 5 orders for page 1
[[31merror[39m] order: 1/11/2023, 4:49:58 PM  Error: Invalid Shipment Status
    at update_shipment (/media/bhuban/72E2928AE29251E9/prithak_creation/Projects/learning/E-commerce-App/eCommerceApp/Server/src/service/orderService.js:366:13)
    at processTicksAndRejections (node:internal/process/task_queues:96:5)
    at async Object.return_replace_order (/media/bhuban/72E2928AE29251E9/prithak_creation/Projects/learning/E-commerce-App/eCommerceApp/Server/src/service/orderService.js:482:9)
    at async return_replace_order (/media/bhuban/72E2928AE29251E9/prithak_creation/Projects/learning/E-commerce-App/eCommerceApp/Server/src/api/orderApi.js:199:17)
[[31merror[39m] order: 1/11/2023, 4:50:42 PM  Error: Invalid Shipment Status
    at update_shipment (/media/bhuban/72E2928AE29251E9/prithak_creation/Projects/learning/E-commerce-App/eCommerceApp/Server/src/service/orderService.js:366:13)
    at processTicksAndRejections (node:internal/process/task_queues:96:5)
    at async Object.return_replace_order (/media/bhuban/72E2928AE29251E9/prithak_creation/Projects/learning/E-commerce-App/eCommerceApp/Server/src/service/orderService.js:482:9)
    at async return_replace_order (/media/bhuban/72E2928AE29251E9/prithak_creation/Projects/learning/E-commerce-App/eCommerceApp/Server/src/api/orderApi.js:199:17)
[[32minfo[39m] order: 1/11/2023, 4:51:30 PM  Order placed for replaced sucessfully on ID  : 6ead83ec-ce83-4094-bf2a-5c88c2fbfee6
[[32minfo[39m] order: 1/11/2023, 4:51:30 PM  Sucessfully fetched 10 user orders for page 1
[[32minfo[39m] order: 1/11/2023, 4:51:39 PM  Sucessfully fetched 10 user orders for page 1
[[32minfo[39m] order: 1/11/2023, 4:52:00 PM  Sucessfully fetched 10 user orders for page 1
[[32minfo[39m] order: 1/11/2023, 4:52:03 PM  Sucessfully fetched 10 user orders for page 1
[[31merror[39m] order: 1/11/2023, 4:52:11 PM  Error: Already Placed for return. Id: e2f4ec0d-bc3e-482b-b2d7-388bcae562ee
    at Object.return_replace_order (/media/bhuban/72E2928AE29251E9/prithak_creation/Projects/learning/E-commerce-App/eCommerceApp/Server/src/service/orderService.js:468:13)
    at processTicksAndRejections (node:internal/process/task_queues:96:5)
    at async return_replace_order (/media/bhuban/72E2928AE29251E9/prithak_creation/Projects/learning/E-commerce-App/eCommerceApp/Server/src/api/orderApi.js:199:17)
[[31merror[39m] order: 1/11/2023, 4:52:17 PM  Error: Already Placed for return. Id: e2f4ec0d-bc3e-482b-b2d7-388bcae562ee
    at Object.return_replace_order (/media/bhuban/72E2928AE29251E9/prithak_creation/Projects/learning/E-commerce-App/eCommerceApp/Server/src/service/orderService.js:468:13)
    at processTicksAndRejections (node:internal/process/task_queues:96:5)
    at async return_replace_order (/media/bhuban/72E2928AE29251E9/prithak_creation/Projects/learning/E-commerce-App/eCommerceApp/Server/src/api/orderApi.js:199:17)
[[32minfo[39m] order: 1/11/2023, 4:52:22 PM  Sucessfully fetched 10 user orders for page 1
[[31merror[39m] order: 1/11/2023, 5:08:20 PM  Error: Already Placed for return. Id: e2f4ec0d-bc3e-482b-b2d7-388bcae562ee
    at Object.return_replace_order (/media/bhuban/72E2928AE29251E9/prithak_creation/Projects/learning/E-commerce-App/eCommerceApp/Server/src/service/orderService.js:535:13)
    at processTicksAndRejections (node:internal/process/task_queues:96:5)
    at async return_replace_order (/media/bhuban/72E2928AE29251E9/prithak_creation/Projects/learning/E-commerce-App/eCommerceApp/Server/src/api/orderApi.js:199:17)
[[32minfo[39m] order: 1/11/2023, 5:13:00 PM  Sucessfully fetched 10 user orders for page 1
[[32minfo[39m] order: 1/11/2023, 5:13:00 PM  Sucessfully fetched 10 user orders for page 1
[[32minfo[39m] order: 1/11/2023, 5:13:02 PM  Sucessfully fetched 10 user orders for page 1
[[32minfo[39m] order: 1/11/2023, 5:13:06 PM  Order cancelled sucessfully for ID : e2f4ec0d-bc3e-482b-b2d7-388bcae562ee
[[32minfo[39m] order: 1/11/2023, 5:13:06 PM  Sucessfully fetched 10 user orders for page 1
[[32minfo[39m] order: 1/11/2023, 5:13:12 PM  Sucessfully fetched 10 user orders for page 1
[[32minfo[39m] order: 1/11/2023, 5:13:17 PM  Order cancelled sucessfully for ID : b137b4ae-12f5-47ab-8048-dfd98576da83
[[32minfo[39m] order: 1/11/2023, 5:13:17 PM  Sucessfully fetched 10 user orders for page 1
[[32minfo[39m] order: 1/11/2023, 5:13:21 PM  Sucessfully fetched 10 user orders for page 1
[[32minfo[39m] order: 1/11/2023, 5:13:56 PM  Sucessfully fetched orders for ID:  0bf0348b-fdec-4ddb-92ec-ba8c690af37f
[[31merror[39m] order: 1/11/2023, 5:14:07 PM  Error: No Order Found for ID: abcd
    at Object.read_order_from_id (/media/bhuban/72E2928AE29251E9/prithak_creation/Projects/learning/E-commerce-App/eCommerceApp/Server/src/repository/orderRepository.js:413:11)
    at processTicksAndRejections (node:internal/process/task_queues:96:5)
    at async Object.read_order_by_id (/media/bhuban/72E2928AE29251E9/prithak_creation/Projects/learning/E-commerce-App/eCommerceApp/Server/src/service/orderService.js:86:19)
    at async read_order_by_id (/media/bhuban/72E2928AE29251E9/prithak_creation/Projects/learning/E-commerce-App/eCommerceApp/Server/src/api/orderApi.js:66:17)
[[32minfo[39m] order: 1/11/2023, 5:14:30 PM  Sucessfully fetched all orders
[[32minfo[39m] order: 1/11/2023, 5:14:30 PM  Sucessfully fetched 5 orders for page 1
[[32minfo[39m] order: 1/11/2023, 5:14:30 PM  Sucessfully fetched 5 orders for page 1
[[32minfo[39m] order: 1/11/2023, 5:14:39 PM  Sucessfully fetched all orders
[[32minfo[39m] order: 1/11/2023, 5:14:39 PM  Sucessfully fetched 5 orders for page 1
[[32minfo[39m] order: 1/11/2023, 5:14:39 PM  Sucessfully fetched 5 orders for page 1
[[32minfo[39m] order: 1/11/2023, 5:14:56 PM  Sucessfully fetched all orders
[[32minfo[39m] order: 1/11/2023, 5:14:56 PM  Sucessfully fetched 5 orders for page 1
[[32minfo[39m] order: 1/11/2023, 5:14:56 PM  Sucessfully fetched 5 orders for page 1
[[32minfo[39m] order: 1/11/2023, 5:15:04 PM  Sucessfully fetched all orders
[[32minfo[39m] order: 1/11/2023, 5:15:04 PM  Sucessfully fetched 5 orders for page 1
[[32minfo[39m] order: 1/11/2023, 5:15:04 PM  Sucessfully fetched 5 orders for page 1
[[32minfo[39m] order: 1/11/2023, 5:15:09 PM  Sucessfully fetched 5 orders for page 2
[[32minfo[39m] order: 1/11/2023, 5:15:09 PM  Sucessfully fetched 5 orders for page 2
[[32minfo[39m] order: 1/11/2023, 5:15:09 PM  Sucessfully fetched 5 orders for page 1
[[32minfo[39m] order: 1/11/2023, 5:15:09 PM  Sucessfully fetched 5 orders for page 2
[[32minfo[39m] order: 1/11/2023, 5:15:09 PM  Sucessfully fetched 5 orders for page 1
