[[31merror[39m] reviews: 1/15/2023, 6:45:30 PM  TypeError: Cannot read properties of undefined (reading 'read_all_reviews')
    at Object.get_all_reviews (/media/bhuban/72E2928AE29251E9/prithak_creation/Projects/learning/E-commerce-App/eCommerceApp/Server/src/service/reviews.service.js:25:38)
    at get_all_reviews (/media/bhuban/72E2928AE29251E9/prithak_creation/Projects/learning/E-commerce-App/eCommerceApp/Server/src/api/reviews.api.js:26:39)
    at Layer.handle [as handle_request] (/media/bhuban/72E2928AE29251E9/prithak_creation/Projects/learning/E-commerce-App/eCommerceApp/Server/node_modules/express/lib/router/layer.js:95:5)
    at next (/media/bhuban/72E2928AE29251E9/prithak_creation/Projects/learning/E-commerce-App/eCommerceApp/Server/node_modules/express/lib/router/route.js:144:13)
    at Route.dispatch (/media/bhuban/72E2928AE29251E9/prithak_creation/Projects/learning/E-commerce-App/eCommerceApp/Server/node_modules/express/lib/router/route.js:114:3)
    at Layer.handle [as handle_request] (/media/bhuban/72E2928AE29251E9/prithak_creation/Projects/learning/E-commerce-App/eCommerceApp/Server/node_modules/express/lib/router/layer.js:95:5)
    at /media/bhuban/72E2928AE29251E9/prithak_creation/Projects/learning/E-commerce-App/eCommerceApp/Server/node_modules/express/lib/router/index.js:284:15
    at Function.process_params (/media/bhuban/72E2928AE29251E9/prithak_creation/Projects/learning/E-commerce-App/eCommerceApp/Server/node_modules/express/lib/router/index.js:346:12)
    at next (/media/bhuban/72E2928AE29251E9/prithak_creation/Projects/learning/E-commerce-App/eCommerceApp/Server/node_modules/express/lib/router/index.js:280:10)
    at Function.handle (/media/bhuban/72E2928AE29251E9/prithak_creation/Projects/learning/E-commerce-App/eCommerceApp/Server/node_modules/express/lib/router/index.js:175:3)
[[31merror[39m] reviews: 1/15/2023, 6:47:05 PM  Error: No Review Found
    at Object.read_all_reviews (/media/bhuban/72E2928AE29251E9/prithak_creation/Projects/learning/E-commerce-App/eCommerceApp/Server/src/repository/reviews.repository.js:24:11)
    at processTicksAndRejections (node:internal/process/task_queues:96:5)
    at async Object.get_all_reviews (/media/bhuban/72E2928AE29251E9/prithak_creation/Projects/learning/E-commerce-App/eCommerceApp/Server/src/service/reviews.service.js:25:21)
    at async get_all_reviews (/media/bhuban/72E2928AE29251E9/prithak_creation/Projects/learning/E-commerce-App/eCommerceApp/Server/src/api/reviews.api.js:26:17)
[[31merror[39m] reviews: 1/15/2023, 6:48:48 PM  error: value too long for type character varying(36)
    at Parser.parseErrorMessage (/media/bhuban/72E2928AE29251E9/prithak_creation/Projects/learning/E-commerce-App/eCommerceApp/Server/node_modules/pg-protocol/dist/parser.js:287:98)
    at Parser.handlePacket (/media/bhuban/72E2928AE29251E9/prithak_creation/Projects/learning/E-commerce-App/eCommerceApp/Server/node_modules/pg-protocol/dist/parser.js:126:29)
    at Parser.parse (/media/bhuban/72E2928AE29251E9/prithak_creation/Projects/learning/E-commerce-App/eCommerceApp/Server/node_modules/pg-protocol/dist/parser.js:39:38)
    at Socket.<anonymous> (/media/bhuban/72E2928AE29251E9/prithak_creation/Projects/learning/E-commerce-App/eCommerceApp/Server/node_modules/pg-protocol/dist/index.js:11:42)
    at Socket.emit (node:events:513:28)
    at addChunk (node:internal/streams/readable:315:12)
    at readableAddChunk (node:internal/streams/readable:289:9)
    at Socket.Readable.push (node:internal/streams/readable:228:10)
    at TCP.onStreamRead (node:internal/stream_base_commons:190:23)
[[31merror[39m] reviews: 1/15/2023, 6:50:05 PM  error: value too long for type character varying(36)
    at Parser.parseErrorMessage (/media/bhuban/72E2928AE29251E9/prithak_creation/Projects/learning/E-commerce-App/eCommerceApp/Server/node_modules/pg-protocol/dist/parser.js:287:98)
    at Parser.handlePacket (/media/bhuban/72E2928AE29251E9/prithak_creation/Projects/learning/E-commerce-App/eCommerceApp/Server/node_modules/pg-protocol/dist/parser.js:126:29)
    at Parser.parse (/media/bhuban/72E2928AE29251E9/prithak_creation/Projects/learning/E-commerce-App/eCommerceApp/Server/node_modules/pg-protocol/dist/parser.js:39:38)
    at Socket.<anonymous> (/media/bhuban/72E2928AE29251E9/prithak_creation/Projects/learning/E-commerce-App/eCommerceApp/Server/node_modules/pg-protocol/dist/index.js:11:42)
    at Socket.emit (node:events:513:28)
    at addChunk (node:internal/streams/readable:315:12)
    at readableAddChunk (node:internal/streams/readable:289:9)
    at Socket.Readable.push (node:internal/streams/readable:228:10)
    at TCP.onStreamRead (node:internal/stream_base_commons:190:23)
[[31merror[39m] reviews: 1/15/2023, 6:50:44 PM  error: value too long for type character varying(36)
    at Parser.parseErrorMessage (/media/bhuban/72E2928AE29251E9/prithak_creation/Projects/learning/E-commerce-App/eCommerceApp/Server/node_modules/pg-protocol/dist/parser.js:287:98)
    at Parser.handlePacket (/media/bhuban/72E2928AE29251E9/prithak_creation/Projects/learning/E-commerce-App/eCommerceApp/Server/node_modules/pg-protocol/dist/parser.js:126:29)
    at Parser.parse (/media/bhuban/72E2928AE29251E9/prithak_creation/Projects/learning/E-commerce-App/eCommerceApp/Server/node_modules/pg-protocol/dist/parser.js:39:38)
    at Socket.<anonymous> (/media/bhuban/72E2928AE29251E9/prithak_creation/Projects/learning/E-commerce-App/eCommerceApp/Server/node_modules/pg-protocol/dist/index.js:11:42)
    at Socket.emit (node:events:513:28)
    at addChunk (node:internal/streams/readable:315:12)
    at readableAddChunk (node:internal/streams/readable:289:9)
    at Socket.Readable.push (node:internal/streams/readable:228:10)
    at TCP.onStreamRead (node:internal/stream_base_commons:190:23)
[[31merror[39m] reviews: 1/15/2023, 6:50:59 PM  error: value too long for type character varying(36)
    at Parser.parseErrorMessage (/media/bhuban/72E2928AE29251E9/prithak_creation/Projects/learning/E-commerce-App/eCommerceApp/Server/node_modules/pg-protocol/dist/parser.js:287:98)
    at Parser.handlePacket (/media/bhuban/72E2928AE29251E9/prithak_creation/Projects/learning/E-commerce-App/eCommerceApp/Server/node_modules/pg-protocol/dist/parser.js:126:29)
    at Parser.parse (/media/bhuban/72E2928AE29251E9/prithak_creation/Projects/learning/E-commerce-App/eCommerceApp/Server/node_modules/pg-protocol/dist/parser.js:39:38)
    at Socket.<anonymous> (/media/bhuban/72E2928AE29251E9/prithak_creation/Projects/learning/E-commerce-App/eCommerceApp/Server/node_modules/pg-protocol/dist/index.js:11:42)
    at Socket.emit (node:events:513:28)
    at addChunk (node:internal/streams/readable:315:12)
    at readableAddChunk (node:internal/streams/readable:289:9)
    at Socket.Readable.push (node:internal/streams/readable:228:10)
    at TCP.onStreamRead (node:internal/stream_base_commons:190:23)
[[31merror[39m] reviews: 1/15/2023, 6:52:09 PM  error: value too long for type character varying(36)
    at Parser.parseErrorMessage (/media/bhuban/72E2928AE29251E9/prithak_creation/Projects/learning/E-commerce-App/eCommerceApp/Server/node_modules/pg-protocol/dist/parser.js:287:98)
    at Parser.handlePacket (/media/bhuban/72E2928AE29251E9/prithak_creation/Projects/learning/E-commerce-App/eCommerceApp/Server/node_modules/pg-protocol/dist/parser.js:126:29)
    at Parser.parse (/media/bhuban/72E2928AE29251E9/prithak_creation/Projects/learning/E-commerce-App/eCommerceApp/Server/node_modules/pg-protocol/dist/parser.js:39:38)
    at Socket.<anonymous> (/media/bhuban/72E2928AE29251E9/prithak_creation/Projects/learning/E-commerce-App/eCommerceApp/Server/node_modules/pg-protocol/dist/index.js:11:42)
    at Socket.emit (node:events:513:28)
    at addChunk (node:internal/streams/readable:315:12)
    at readableAddChunk (node:internal/streams/readable:289:9)
    at Socket.Readable.push (node:internal/streams/readable:228:10)
    at TCP.onStreamRead (node:internal/stream_base_commons:190:23)
[[31merror[39m] reviews: 1/15/2023, 6:53:04 PM  error: invalid input syntax for type integer: "3.5"
    at Parser.parseErrorMessage (/media/bhuban/72E2928AE29251E9/prithak_creation/Projects/learning/E-commerce-App/eCommerceApp/Server/node_modules/pg-protocol/dist/parser.js:287:98)
    at Parser.handlePacket (/media/bhuban/72E2928AE29251E9/prithak_creation/Projects/learning/E-commerce-App/eCommerceApp/Server/node_modules/pg-protocol/dist/parser.js:126:29)
    at Parser.parse (/media/bhuban/72E2928AE29251E9/prithak_creation/Projects/learning/E-commerce-App/eCommerceApp/Server/node_modules/pg-protocol/dist/parser.js:39:38)
    at Socket.<anonymous> (/media/bhuban/72E2928AE29251E9/prithak_creation/Projects/learning/E-commerce-App/eCommerceApp/Server/node_modules/pg-protocol/dist/index.js:11:42)
    at Socket.emit (node:events:513:28)
    at addChunk (node:internal/streams/readable:315:12)
    at readableAddChunk (node:internal/streams/readable:289:9)
    at Socket.Readable.push (node:internal/streams/readable:228:10)
    at TCP.onStreamRead (node:internal/stream_base_commons:190:23)
[[32minfo[39m] reviews: 1/15/2023, 6:53:26 PM  Review added successfully
[[32minfo[39m] reviews: 1/15/2023, 6:54:50 PM  Sucessfully fetched all reviews
[[31merror[39m] reviews: 1/15/2023, 6:56:13 PM  ReferenceError: result is not defined
    at Object.read_reviews_by_productId (/media/bhuban/72E2928AE29251E9/prithak_creation/Projects/learning/E-commerce-App/eCommerceApp/Server/src/repository/reviews.repository.js:119:5)
    at processTicksAndRejections (node:internal/process/task_queues:96:5)
    at async Object.get_reviews_by_productId (/media/bhuban/72E2928AE29251E9/prithak_creation/Projects/learning/E-commerce-App/eCommerceApp/Server/src/service/reviews.service.js:69:21)
    at async get_reviews_by_productId (/media/bhuban/72E2928AE29251E9/prithak_creation/Projects/learning/E-commerce-App/eCommerceApp/Server/src/api/reviews.api.js:79:17)
[[31merror[39m] reviews: 1/15/2023, 6:57:07 PM  ReferenceError: result is not defined
    at Object.read_reviews_by_productId (/media/bhuban/72E2928AE29251E9/prithak_creation/Projects/learning/E-commerce-App/eCommerceApp/Server/src/repository/reviews.repository.js:119:33)
    at processTicksAndRejections (node:internal/process/task_queues:96:5)
    at async Object.get_reviews_by_productId (/media/bhuban/72E2928AE29251E9/prithak_creation/Projects/learning/E-commerce-App/eCommerceApp/Server/src/service/reviews.service.js:69:21)
    at async get_reviews_by_productId (/media/bhuban/72E2928AE29251E9/prithak_creation/Projects/learning/E-commerce-App/eCommerceApp/Server/src/api/reviews.api.js:79:17)
[[32minfo[39m] reviews: 1/15/2023, 6:58:33 PM  Sucessfully fetched all reviews for product: e2ab0b2c-8df2-418e-a779-1a064aeb4ac8
[[32minfo[39m] reviews: 1/15/2023, 7:00:45 PM  Sucessfully fetched 1 reviews for page 1 for product : e2ab0b2c-8df2-418e-a779-1a064aeb4ac8
[[31merror[39m] reviews: 1/15/2023, 7:59:23 PM  error: null value in column "orderid" of relation "reviews" violates not-null constraint
    at Parser.parseErrorMessage (/media/bhuban/72E2928AE29251E9/prithak_creation/Projects/learning/E-commerce-App/eCommerceApp/Server/node_modules/pg-protocol/dist/parser.js:287:98)
    at Parser.handlePacket (/media/bhuban/72E2928AE29251E9/prithak_creation/Projects/learning/E-commerce-App/eCommerceApp/Server/node_modules/pg-protocol/dist/parser.js:126:29)
    at Parser.parse (/media/bhuban/72E2928AE29251E9/prithak_creation/Projects/learning/E-commerce-App/eCommerceApp/Server/node_modules/pg-protocol/dist/parser.js:39:38)
    at Socket.<anonymous> (/media/bhuban/72E2928AE29251E9/prithak_creation/Projects/learning/E-commerce-App/eCommerceApp/Server/node_modules/pg-protocol/dist/index.js:11:42)
    at Socket.emit (node:events:513:28)
    at addChunk (node:internal/streams/readable:315:12)
    at readableAddChunk (node:internal/streams/readable:289:9)
    at Socket.Readable.push (node:internal/streams/readable:228:10)
    at TCP.onStreamRead (node:internal/stream_base_commons:190:23)
[[31merror[39m] reviews: 1/15/2023, 7:59:36 PM  error: insert or update on table "reviews" violates foreign key constraint "fk_reviews_orderid"
    at Parser.parseErrorMessage (/media/bhuban/72E2928AE29251E9/prithak_creation/Projects/learning/E-commerce-App/eCommerceApp/Server/node_modules/pg-protocol/dist/parser.js:287:98)
    at Parser.handlePacket (/media/bhuban/72E2928AE29251E9/prithak_creation/Projects/learning/E-commerce-App/eCommerceApp/Server/node_modules/pg-protocol/dist/parser.js:126:29)
    at Parser.parse (/media/bhuban/72E2928AE29251E9/prithak_creation/Projects/learning/E-commerce-App/eCommerceApp/Server/node_modules/pg-protocol/dist/parser.js:39:38)
    at Socket.<anonymous> (/media/bhuban/72E2928AE29251E9/prithak_creation/Projects/learning/E-commerce-App/eCommerceApp/Server/node_modules/pg-protocol/dist/index.js:11:42)
    at Socket.emit (node:events:513:28)
    at addChunk (node:internal/streams/readable:315:12)
    at readableAddChunk (node:internal/streams/readable:289:9)
    at Socket.Readable.push (node:internal/streams/readable:228:10)
    at TCP.onStreamRead (node:internal/stream_base_commons:190:23)
[[32minfo[39m] reviews: 1/15/2023, 8:00:43 PM  Review added successfully
[[32minfo[39m] reviews: 1/15/2023, 8:00:45 PM  Review added successfully
[[32minfo[39m] reviews: 1/15/2023, 8:00:53 PM  Sucessfully fetched all reviews
[[31merror[39m] reviews: 1/15/2023, 8:03:25 PM  Error: Rating and  review already exists for this order
    at Object.add_review (/media/bhuban/72E2928AE29251E9/prithak_creation/Projects/learning/E-commerce-App/eCommerceApp/Server/src/service/reviews.service.js:14:13)
    at processTicksAndRejections (node:internal/process/task_queues:96:5)
    at async add_review (/media/bhuban/72E2928AE29251E9/prithak_creation/Projects/learning/E-commerce-App/eCommerceApp/Server/src/api/reviews.api.js:10:17)
[[31merror[39m] reviews: 1/15/2023, 8:03:44 PM  Error: Rating and  review already exists for this order
    at Object.add_review (/media/bhuban/72E2928AE29251E9/prithak_creation/Projects/learning/E-commerce-App/eCommerceApp/Server/src/service/reviews.service.js:14:13)
    at processTicksAndRejections (node:internal/process/task_queues:96:5)
    at async add_review (/media/bhuban/72E2928AE29251E9/prithak_creation/Projects/learning/E-commerce-App/eCommerceApp/Server/src/api/reviews.api.js:10:17)
[[31merror[39m] reviews: 1/15/2023, 8:03:46 PM  Error: Rating and  review already exists for this order
    at Object.add_review (/media/bhuban/72E2928AE29251E9/prithak_creation/Projects/learning/E-commerce-App/eCommerceApp/Server/src/service/reviews.service.js:14:13)
    at processTicksAndRejections (node:internal/process/task_queues:96:5)
    at async add_review (/media/bhuban/72E2928AE29251E9/prithak_creation/Projects/learning/E-commerce-App/eCommerceApp/Server/src/api/reviews.api.js:10:17)
[[31merror[39m] reviews: 1/15/2023, 8:03:47 PM  Error: Rating and  review already exists for this order
    at Object.add_review (/media/bhuban/72E2928AE29251E9/prithak_creation/Projects/learning/E-commerce-App/eCommerceApp/Server/src/service/reviews.service.js:14:13)
    at processTicksAndRejections (node:internal/process/task_queues:96:5)
    at async add_review (/media/bhuban/72E2928AE29251E9/prithak_creation/Projects/learning/E-commerce-App/eCommerceApp/Server/src/api/reviews.api.js:10:17)
[[31merror[39m] reviews: 1/15/2023, 8:04:12 PM  Error: Rating and  review already exists for this order
    at Object.add_review (/media/bhuban/72E2928AE29251E9/prithak_creation/Projects/learning/E-commerce-App/eCommerceApp/Server/src/service/reviews.service.js:16:13)
    at processTicksAndRejections (node:internal/process/task_queues:96:5)
    at async add_review (/media/bhuban/72E2928AE29251E9/prithak_creation/Projects/learning/E-commerce-App/eCommerceApp/Server/src/api/reviews.api.js:10:17)
[[32minfo[39m] reviews: 1/15/2023, 8:04:59 PM  Review added successfully
